#
# There is insufficient memory for the Java Runtime Environment to continue.
# Native memory allocation (malloc) failed to allocate 2311600 bytes for Chunk::new
# Possible reasons:
#   The system is out of physical RAM or swap space
#   The process is running with CompressedOops enabled, and the Java Heap may be blocking the growth of the native heap
# Possible solutions:
#   Reduce memory load on the system
#   Increase physical memory or swap space
#   Check if swap backing store is full
#   Decrease Java heap size (-Xmx/-Xms)
#   Decrease number of Java threads
#   Decrease Java thread stack sizes (-Xss)
#   Set larger code cache with -XX:ReservedCodeCacheSize=
#   JVM is running with Unscaled Compressed Oops mode in which the Java heap is
#     placed in the first 4GB address space. The Java Heap base address is the
#     maximum limit for the native heap growth. Please use -XX:HeapBaseMinAddress
#     to set the Java Heap base and to place the Java Heap above 4GB virtual address.
# This output file may be truncated or incomplete.
#
#  Out of Memory Error (arena.cpp:189), pid=1920, tid=20052
#
# JRE version: OpenJDK Runtime Environment (17.0.6) (build 17.0.6+0-b2043.56-9586694)
# Java VM: OpenJDK 64-Bit Server VM (17.0.6+0-b2043.56-9586694, mixed mode, tiered, compressed oops, compressed class ptrs, g1 gc, windows-amd64)
# No core dump will be written. Minidumps are not enabled by default on client versions of Windows
#

---------------  S U M M A R Y ------------

Command Line: --add-opens=java.base/java.util=ALL-UNNAMED --add-opens=java.base/java.lang=ALL-UNNAMED --add-opens=java.base/java.lang.invoke=ALL-UNNAMED --add-opens=java.base/java.util=ALL-UNNAMED --add-opens=java.prefs/java.util.prefs=ALL-UNNAMED --add-opens=java.prefs/java.util.prefs=ALL-UNNAMED --add-opens=java.base/java.nio.charset=ALL-UNNAMED --add-opens=java.base/java.net=ALL-UNNAMED --add-opens=java.base/java.util.concurrent.atomic=ALL-UNNAMED -Xmx2048m -Dfile.encoding=UTF-8 -Duser.country=ID -Duser.language=en -Duser.variant org.gradle.launcher.daemon.bootstrap.GradleDaemon 7.2

Host: Intel(R) Core(TM) i7-10510U CPU @ 1.80GHz, 8 cores, 7G,  Windows 11 , 64 bit Build 22621 (10.0.22621.1928)
Time: Sun Jul 16 21:58:53 2023 SE Asia Standard Time elapsed time: 13.592464 seconds (0d 0h 0m 13s)

---------------  T H R E A D  ---------------

Current thread (0x000001983043f7a0):  JavaThread "C2 CompilerThread0" daemon [_thread_in_native, id=20052, stack(0x000000894d000000,0x000000894d100000)]


Current CompileTask:
C2:  13592 6538       4       java.lang.Class::annotationData (44 bytes)

Stack: [0x000000894d000000,0x000000894d100000]
Native frames: (J=compiled Java code, j=interpreted, Vv=VM code, C=native code)
V  [jvm.dll+0x683b4a]
V  [jvm.dll+0x842654]
V  [jvm.dll+0x843dfe]
V  [jvm.dll+0x844463]
V  [jvm.dll+0x249b75]
V  [jvm.dll+0xabcac]
V  [jvm.dll+0xac27c]
V  [jvm.dll+0x368857]
V  [jvm.dll+0x332f31]
V  [jvm.dll+0x3323da]
V  [jvm.dll+0x21c201]
V  [jvm.dll+0x21b621]
V  [jvm.dll+0x1a4fdd]
V  [jvm.dll+0x22b098]
V  [jvm.dll+0x229159]
V  [jvm.dll+0x7f809c]
V  [jvm.dll+0x7f25fa]
V  [jvm.dll+0x682985]
C  [ucrtbase.dll+0x29363]
C  [KERNEL32.DLL+0x126ad]
C  [ntdll.dll+0x5aa68]


---------------  P R O C E S S  ---------------

Threads class SMR info:
_java_thread_list=0x00000198371cf990, length=125, elements={
0x0000019815d6c900, 0x000001982fbb13f0, 0x000001982fbb1fa0, 0x000001982fbd5010,
0x000001982fbd5ad0, 0x000001982fbd6680, 0x000001982fbd9140, 0x000001983043f7a0,
0x00000198304400a0, 0x00000198304409a0, 0x00000198305a05b0, 0x00000198305a0a80,
0x0000019832cd9480, 0x00000198312b90b0, 0x0000019831f562f0, 0x000001983200a470,
0x0000019831f508a0, 0x0000019831c1d0b0, 0x0000019831c1da50, 0x0000019831c1e8c0,
0x0000019831c1ed90, 0x0000019831c1f730, 0x0000019831c1f260, 0x0000019831c1df20,
0x0000019831c1fc00, 0x0000019831c20a70, 0x0000019831c200d0, 0x0000019831c1e3f0,
0x0000019831c1d580, 0x0000019834b99810, 0x0000019834b94fe0, 0x0000019834b9b9c0,
0x0000019834b95e50, 0x0000019834b9a680, 0x0000019834b9ab50, 0x0000019834b984d0,
0x0000019834b94640, 0x0000019834b989a0, 0x0000019834b9a1b0, 0x0000019834b97660,
0x0000019834b94b10, 0x0000019834b954b0, 0x0000019834b96cc0, 0x0000019834b96320,
0x0000019834b967f0, 0x0000019834b97190, 0x0000019834b98e70, 0x0000019834b97b30,
0x0000019834b99340, 0x0000019834b98000, 0x0000019834b99ce0, 0x00000198369350d0,
0x00000198369368e0, 0x0000019836935a70, 0x0000019836934c00, 0x0000019836936db0,
0x0000019836934260, 0x0000019836934730, 0x0000019836932a50, 0x00000198315b9400,
0x0000019836933d90, 0x0000019836937750, 0x0000019836936410, 0x0000019836931240,
0x00000198369333f0, 0x00000198369338c0, 0x00000198369308a0, 0x00000198369303d0,
0x0000019836937280, 0x0000019836930d70, 0x000001983692ff00, 0x0000019836931710,
0x0000019836931be0, 0x00000198369320b0, 0x0000019836932f20, 0x0000019836932580,
0x0000019836a4a2e0, 0x0000019836a45f80, 0x0000019836a4a7b0, 0x0000019836a43900,
0x0000019836a4b150, 0x0000019836a46df0, 0x0000019836a4ac80, 0x0000019836a43dd0,
0x0000019836a472c0, 0x0000019836a47790, 0x0000019836a48600, 0x0000019836a442a0,
0x0000019836a44770, 0x0000019836a49940, 0x0000019836a47c60, 0x0000019836a48fa0,
0x0000019836a46920, 0x0000019836a49470, 0x0000019836a49e10, 0x0000019836a44c40,
0x0000019836a45110, 0x0000019836a48130, 0x0000019836a48ad0, 0x0000019836a455e0,
0x0000019836a45ab0, 0x0000019836a46450, 0x000001983721d6c0, 0x000001983721db90,
0x000001983721e060, 0x0000019837222d60, 0x000001983721e530, 0x0000019837221550,
0x000001983721ea00, 0x0000019837223bd0, 0x0000019837221a20, 0x00000198372240a0,
0x000001983721eed0, 0x000001983721d1f0, 0x00000198372223c0, 0x0000019837222890,
0x000001983721f3a0, 0x000001983721f870, 0x0000019837221ef0, 0x0000019837223230,
0x0000019837223700, 0x0000019837221080, 0x000001983721fd40, 0x0000019837224570,
0x0000019837220210
}

Java Threads: ( => current thread )
  0x0000019815d6c900 JavaThread "main" [_thread_blocked, id=7988, stack(0x000000894c300000,0x000000894c400000)]
  0x000001982fbb13f0 JavaThread "Reference Handler" daemon [_thread_blocked, id=21916, stack(0x000000894ca00000,0x000000894cb00000)]
  0x000001982fbb1fa0 JavaThread "Finalizer" daemon [_thread_blocked, id=14492, stack(0x000000894cb00000,0x000000894cc00000)]
  0x000001982fbd5010 JavaThread "Signal Dispatcher" daemon [_thread_blocked, id=20300, stack(0x000000894cc00000,0x000000894cd00000)]
  0x000001982fbd5ad0 JavaThread "Attach Listener" daemon [_thread_blocked, id=21208, stack(0x000000894cd00000,0x000000894ce00000)]
  0x000001982fbd6680 JavaThread "Service Thread" daemon [_thread_blocked, id=10844, stack(0x000000894ce00000,0x000000894cf00000)]
  0x000001982fbd9140 JavaThread "Monitor Deflation Thread" daemon [_thread_blocked, id=14804, stack(0x000000894cf00000,0x000000894d000000)]
=>0x000001983043f7a0 JavaThread "C2 CompilerThread0" daemon [_thread_in_native, id=20052, stack(0x000000894d000000,0x000000894d100000)]
  0x00000198304400a0 JavaThread "C1 CompilerThread0" daemon [_thread_blocked, id=14244, stack(0x000000894d100000,0x000000894d200000)]
  0x00000198304409a0 JavaThread "Sweeper thread" daemon [_thread_blocked, id=20420, stack(0x000000894d200000,0x000000894d300000)]
  0x00000198305a05b0 JavaThread "Common-Cleaner" daemon [_thread_blocked, id=1592, stack(0x000000894d300000,0x000000894d400000)]
  0x00000198305a0a80 JavaThread "Notification Thread" daemon [_thread_blocked, id=19552, stack(0x000000894d400000,0x000000894d500000)]
  0x0000019832cd9480 JavaThread "Daemon health stats" [_thread_blocked, id=13624, stack(0x000000894da00000,0x000000894db00000)]
  0x00000198312b90b0 JavaThread "Incoming local TCP Connector on port 49691" [_thread_in_native, id=16880, stack(0x000000894db00000,0x000000894dc00000)]
  0x0000019831f562f0 JavaThread "Daemon periodic checks" [_thread_blocked, id=14088, stack(0x000000894dc00000,0x000000894dd00000)]
  0x000001983200a470 JavaThread "Daemon" [_thread_blocked, id=22184, stack(0x000000894dd00000,0x000000894de00000)]
  0x0000019831f508a0 JavaThread "Handler for socket connection from /127.0.0.1:49691 to /127.0.0.1:49692" [_thread_in_native, id=20208, stack(0x000000894de00000,0x000000894df00000)]
  0x0000019831c1d0b0 JavaThread "Cancel handler" [_thread_blocked, id=11316, stack(0x000000894df00000,0x000000894e000000)]
  0x0000019831c1da50 JavaThread "Daemon worker" [_thread_in_vm, id=8204, stack(0x000000894e000000,0x000000894e100000)]
  0x0000019831c1e8c0 JavaThread "Asynchronous log dispatcher for DefaultDaemonConnection: socket connection from /127.0.0.1:49691 to /127.0.0.1:49692" [_thread_blocked, id=2996, stack(0x000000894e100000,0x000000894e200000)]
  0x0000019831c1ed90 JavaThread "Stdin handler" [_thread_blocked, id=15844, stack(0x000000894e200000,0x000000894e300000)]
  0x0000019831c1f730 JavaThread "Daemon client event forwarder" [_thread_blocked, id=5844, stack(0x000000894e300000,0x000000894e400000)]
  0x0000019831c1f260 JavaThread "Cache worker for journal cache (C:\Users\Nayla\.gradle\caches\journal-1)" [_thread_blocked, id=17152, stack(0x000000894e400000,0x000000894e500000)]
  0x0000019831c1df20 JavaThread "File lock request listener" [_thread_in_native, id=1612, stack(0x000000894e900000,0x000000894ea00000)]
  0x0000019831c1fc00 JavaThread "Cache worker for file hash cache (C:\Users\Nayla\.gradle\caches\7.2\fileHashes)" [_thread_blocked, id=19012, stack(0x000000894ea00000,0x000000894eb00000)]
  0x0000019831c20a70 JavaThread "Cache worker for file hash cache (C:\Users\Nayla\AndroidStudioProjects\uangkaskelas3ia15\.gradle\7.2\fileHashes)" [_thread_blocked, id=20760, stack(0x000000894eb00000,0x000000894ec00000)]
  0x0000019831c200d0 JavaThread "File watcher server" daemon [_thread_in_native, id=3884, stack(0x000000894ed00000,0x000000894ee00000)]
  0x0000019831c1e3f0 JavaThread "File watcher consumer" daemon [_thread_blocked, id=18036, stack(0x000000894ee00000,0x000000894ef00000)]
  0x0000019831c1d580 JavaThread "Cache worker for checksums cache (C:\Users\Nayla\AndroidStudioProjects\uangkaskelas3ia15\.gradle\checksums)" [_thread_blocked, id=23312, stack(0x000000894ec00000,0x000000894ed00000)]
  0x0000019834b99810 JavaThread "Cache worker for cache directory md-supplier (C:\Users\Nayla\.gradle\caches\7.2\md-supplier)" [_thread_blocked, id=15368, stack(0x000000894ef00000,0x000000894f000000)]
  0x0000019834b94fe0 JavaThread "Cache worker for cache directory md-rule (C:\Users\Nayla\.gradle\caches\7.2\md-rule)" [_thread_blocked, id=16144, stack(0x000000894f100000,0x000000894f200000)]
  0x0000019834b9b9c0 JavaThread "Cache worker for execution history cache (C:\Users\Nayla\.gradle\caches\7.2\executionHistory)" [_thread_blocked, id=15048, stack(0x000000894f200000,0x000000894f300000)]
  0x0000019834b95e50 JavaThread "jar transforms" [_thread_blocked, id=8600, stack(0x000000894f300000,0x000000894f400000)]
  0x0000019834b9a680 JavaThread "jar transforms Thread 2" [_thread_blocked, id=21696, stack(0x000000894f400000,0x000000894f500000)]
  0x0000019834b9ab50 JavaThread "Cache worker for file content cache (C:\Users\Nayla\.gradle\caches\7.2\fileContent)" [_thread_blocked, id=19720, stack(0x000000894f600000,0x000000894f700000)]
  0x0000019834b984d0 JavaThread "jar transforms Thread 3" [_thread_blocked, id=16156, stack(0x000000894f700000,0x000000894f800000)]
  0x0000019834b94640 JavaThread "jar transforms Thread 4" [_thread_blocked, id=22760, stack(0x000000894f800000,0x000000894f900000)]
  0x0000019834b989a0 JavaThread "Cache worker for dependencies-accessors (C:\Users\Nayla\AndroidStudioProjects\uangkaskelas3ia15\.gradle\7.2\dependencies-accessors)" [_thread_blocked, id=22056, stack(0x000000894f900000,0x000000894fa00000)]
  0x0000019834b9a1b0 JavaThread "jar transforms Thread 5" [_thread_blocked, id=5216, stack(0x000000894fa00000,0x000000894fb00000)]
  0x0000019834b97660 JavaThread "Cache worker for Build Output Cleanup Cache (C:\Users\Nayla\AndroidStudioProjects\uangkaskelas3ia15\.gradle\buildOutputCleanup)" [_thread_blocked, id=4056, stack(0x000000894f500000,0x000000894f600000)]
  0x0000019834b94b10 JavaThread "Unconstrained build operations" [_thread_blocked, id=20736, stack(0x000000894fb00000,0x000000894fc00000)]
  0x0000019834b954b0 JavaThread "Unconstrained build operations Thread 2" [_thread_blocked, id=21740, stack(0x000000894fc00000,0x000000894fd00000)]
  0x0000019834b96cc0 JavaThread "Unconstrained build operations Thread 3" [_thread_blocked, id=11564, stack(0x000000894fd00000,0x000000894fe00000)]
  0x0000019834b96320 JavaThread "Unconstrained build operations Thread 4" [_thread_blocked, id=8392, stack(0x000000894fe00000,0x000000894ff00000)]
  0x0000019834b967f0 JavaThread "Unconstrained build operations Thread 5" [_thread_blocked, id=20476, stack(0x000000894ff00000,0x0000008950000000)]
  0x0000019834b97190 JavaThread "Unconstrained build operations Thread 6" [_thread_blocked, id=15712, stack(0x0000008950000000,0x0000008950100000)]
  0x0000019834b98e70 JavaThread "Unconstrained build operations Thread 7" [_thread_blocked, id=12164, stack(0x0000008950100000,0x0000008950200000)]
  0x0000019834b97b30 JavaThread "Unconstrained build operations Thread 8" [_thread_blocked, id=17728, stack(0x0000008950200000,0x0000008950300000)]
  0x0000019834b99340 JavaThread "Unconstrained build operations Thread 9" [_thread_blocked, id=11652, stack(0x0000008950300000,0x0000008950400000)]
  0x0000019834b98000 JavaThread "Unconstrained build operations Thread 10" [_thread_blocked, id=11904, stack(0x0000008950400000,0x0000008950500000)]
  0x0000019834b99ce0 JavaThread "Unconstrained build operations Thread 11" [_thread_blocked, id=16056, stack(0x0000008950500000,0x0000008950600000)]
  0x00000198369350d0 JavaThread "Unconstrained build operations Thread 12" [_thread_blocked, id=10524, stack(0x0000008950600000,0x0000008950700000)]
  0x00000198369368e0 JavaThread "Unconstrained build operations Thread 13" [_thread_blocked, id=8040, stack(0x0000008950700000,0x0000008950800000)]
  0x0000019836935a70 JavaThread "Unconstrained build operations Thread 14" [_thread_blocked, id=12176, stack(0x0000008950800000,0x0000008950900000)]
  0x0000019836934c00 JavaThread "Unconstrained build operations Thread 15" [_thread_blocked, id=19612, stack(0x0000008950900000,0x0000008950a00000)]
  0x0000019836936db0 JavaThread "Unconstrained build operations Thread 16" [_thread_blocked, id=16260, stack(0x0000008950a00000,0x0000008950b00000)]
  0x0000019836934260 JavaThread "jar transforms Thread 6" [_thread_blocked, id=12324, stack(0x0000008950b00000,0x0000008950c00000)]
  0x0000019836934730 JavaThread "jar transforms Thread 7" [_thread_blocked, id=3068, stack(0x0000008950c00000,0x0000008950d00000)]
  0x0000019836932a50 JavaThread "jar transforms Thread 8" [_thread_blocked, id=16804, stack(0x0000008950d00000,0x0000008950e00000)]
  0x00000198315b9400 JavaThread "C2 CompilerThread1" daemon [_thread_in_native, id=17168, stack(0x000000894f000000,0x000000894f100000)]
  0x0000019836933d90 JavaThread "Unconstrained build operations Thread 17" [_thread_blocked, id=1280, stack(0x0000008950e00000,0x0000008950f00000)]
  0x0000019836937750 JavaThread "Unconstrained build operations Thread 18" [_thread_blocked, id=19620, stack(0x0000008950f00000,0x0000008951000000)]
  0x0000019836936410 JavaThread "Unconstrained build operations Thread 19" [_thread_blocked, id=17072, stack(0x0000008951000000,0x0000008951100000)]
  0x0000019836931240 JavaThread "Unconstrained build operations Thread 20" [_thread_blocked, id=22088, stack(0x0000008951100000,0x0000008951200000)]
  0x00000198369333f0 JavaThread "Unconstrained build operations Thread 21" [_thread_blocked, id=15612, stack(0x0000008951200000,0x0000008951300000)]
  0x00000198369338c0 JavaThread "Unconstrained build operations Thread 22" [_thread_blocked, id=8592, stack(0x0000008951300000,0x0000008951400000)]
  0x00000198369308a0 JavaThread "Unconstrained build operations Thread 23" [_thread_blocked, id=10044, stack(0x0000008951400000,0x0000008951500000)]
  0x00000198369303d0 JavaThread "Unconstrained build operations Thread 24" [_thread_blocked, id=15156, stack(0x0000008951500000,0x0000008951600000)]
  0x0000019836937280 JavaThread "Unconstrained build operations Thread 25" [_thread_blocked, id=11464, stack(0x0000008951600000,0x0000008951700000)]
  0x0000019836930d70 JavaThread "Unconstrained build operations Thread 26" [_thread_blocked, id=23284, stack(0x0000008951700000,0x0000008951800000)]
  0x000001983692ff00 JavaThread "Unconstrained build operations Thread 27" [_thread_blocked, id=7652, stack(0x0000008951800000,0x0000008951900000)]
  0x0000019836931710 JavaThread "Unconstrained build operations Thread 28" [_thread_blocked, id=10096, stack(0x0000008951900000,0x0000008951a00000)]
  0x0000019836931be0 JavaThread "Unconstrained build operations Thread 29" [_thread_blocked, id=15476, stack(0x0000008951a00000,0x0000008951b00000)]
  0x00000198369320b0 JavaThread "Unconstrained build operations Thread 30" [_thread_blocked, id=8484, stack(0x0000008951b00000,0x0000008951c00000)]
  0x0000019836932f20 JavaThread "Unconstrained build operations Thread 31" [_thread_blocked, id=7108, stack(0x0000008951c00000,0x0000008951d00000)]
  0x0000019836932580 JavaThread "Unconstrained build operations Thread 32" [_thread_blocked, id=18864, stack(0x0000008951d00000,0x0000008951e00000)]
  0x0000019836a4a2e0 JavaThread "Unconstrained build operations Thread 33" [_thread_blocked, id=22708, stack(0x0000008951e00000,0x0000008951f00000)]
  0x0000019836a45f80 JavaThread "Unconstrained build operations Thread 34" [_thread_blocked, id=19312, stack(0x0000008951f00000,0x0000008952000000)]
  0x0000019836a4a7b0 JavaThread "Unconstrained build operations Thread 35" [_thread_blocked, id=2156, stack(0x0000008952000000,0x0000008952100000)]
  0x0000019836a43900 JavaThread "Unconstrained build operations Thread 36" [_thread_blocked, id=8200, stack(0x0000008952100000,0x0000008952200000)]
  0x0000019836a4b150 JavaThread "Unconstrained build operations Thread 37" [_thread_blocked, id=14320, stack(0x0000008952200000,0x0000008952300000)]
  0x0000019836a46df0 JavaThread "Unconstrained build operations Thread 38" [_thread_blocked, id=13004, stack(0x0000008952300000,0x0000008952400000)]
  0x0000019836a4ac80 JavaThread "Unconstrained build operations Thread 39" [_thread_blocked, id=21584, stack(0x0000008952400000,0x0000008952500000)]
  0x0000019836a43dd0 JavaThread "Unconstrained build operations Thread 40" [_thread_blocked, id=15956, stack(0x0000008952500000,0x0000008952600000)]
  0x0000019836a472c0 JavaThread "Unconstrained build operations Thread 41" [_thread_blocked, id=17868, stack(0x0000008952600000,0x0000008952700000)]
  0x0000019836a47790 JavaThread "Unconstrained build operations Thread 42" [_thread_blocked, id=22896, stack(0x0000008952700000,0x0000008952800000)]
  0x0000019836a48600 JavaThread "Unconstrained build operations Thread 43" [_thread_blocked, id=19508, stack(0x0000008952800000,0x0000008952900000)]
  0x0000019836a442a0 JavaThread "Unconstrained build operations Thread 44" [_thread_blocked, id=18116, stack(0x0000008952900000,0x0000008952a00000)]
  0x0000019836a44770 JavaThread "Unconstrained build operations Thread 45" [_thread_blocked, id=13572, stack(0x0000008952a00000,0x0000008952b00000)]
  0x0000019836a49940 JavaThread "Unconstrained build operations Thread 46" [_thread_blocked, id=15756, stack(0x0000008952b00000,0x0000008952c00000)]
  0x0000019836a47c60 JavaThread "Unconstrained build operations Thread 47" [_thread_blocked, id=18704, stack(0x0000008952c00000,0x0000008952d00000)]
  0x0000019836a48fa0 JavaThread "Unconstrained build operations Thread 48" [_thread_blocked, id=4228, stack(0x0000008952d00000,0x0000008952e00000)]
  0x0000019836a46920 JavaThread "Unconstrained build operations Thread 49" [_thread_blocked, id=17684, stack(0x0000008952e00000,0x0000008952f00000)]
  0x0000019836a49470 JavaThread "Unconstrained build operations Thread 50" [_thread_blocked, id=11436, stack(0x0000008952f00000,0x0000008953000000)]
  0x0000019836a49e10 JavaThread "Unconstrained build operations Thread 51" [_thread_blocked, id=21884, stack(0x0000008953000000,0x0000008953100000)]
  0x0000019836a44c40 JavaThread "Unconstrained build operations Thread 52" [_thread_blocked, id=14508, stack(0x0000008953100000,0x0000008953200000)]
  0x0000019836a45110 JavaThread "Unconstrained build operations Thread 53" [_thread_blocked, id=7104, stack(0x0000008953200000,0x0000008953300000)]
  0x0000019836a48130 JavaThread "Unconstrained build operations Thread 54" [_thread_blocked, id=3312, stack(0x0000008953300000,0x0000008953400000)]
  0x0000019836a48ad0 JavaThread "Unconstrained build operations Thread 55" [_thread_blocked, id=3788, stack(0x0000008953400000,0x0000008953500000)]
  0x0000019836a455e0 JavaThread "Unconstrained build operations Thread 56" [_thread_blocked, id=11880, stack(0x0000008953500000,0x0000008953600000)]
  0x0000019836a45ab0 JavaThread "Unconstrained build operations Thread 57" [_thread_blocked, id=14428, stack(0x0000008953600000,0x0000008953700000)]
  0x0000019836a46450 JavaThread "Unconstrained build operations Thread 58" [_thread_blocked, id=1376, stack(0x0000008953700000,0x0000008953800000)]
  0x000001983721d6c0 JavaThread "Unconstrained build operations Thread 59" [_thread_blocked, id=20500, stack(0x0000008953800000,0x0000008953900000)]
  0x000001983721db90 JavaThread "Unconstrained build operations Thread 60" [_thread_blocked, id=15008, stack(0x0000008953900000,0x0000008953a00000)]
  0x000001983721e060 JavaThread "Unconstrained build operations Thread 61" [_thread_blocked, id=19204, stack(0x0000008953a00000,0x0000008953b00000)]
  0x0000019837222d60 JavaThread "Unconstrained build operations Thread 62" [_thread_blocked, id=7496, stack(0x0000008953b00000,0x0000008953c00000)]
  0x000001983721e530 JavaThread "Unconstrained build operations Thread 63" [_thread_blocked, id=17948, stack(0x0000008953c00000,0x0000008953d00000)]
  0x0000019837221550 JavaThread "Unconstrained build operations Thread 64" [_thread_blocked, id=22692, stack(0x0000008953d00000,0x0000008953e00000)]
  0x000001983721ea00 JavaThread "Unconstrained build operations Thread 65" [_thread_blocked, id=17732, stack(0x0000008953e00000,0x0000008953f00000)]
  0x0000019837223bd0 JavaThread "Unconstrained build operations Thread 66" [_thread_blocked, id=7568, stack(0x0000008953f00000,0x0000008954000000)]
  0x0000019837221a20 JavaThread "Unconstrained build operations Thread 67" [_thread_blocked, id=18712, stack(0x0000008954000000,0x0000008954100000)]
  0x00000198372240a0 JavaThread "Unconstrained build operations Thread 68" [_thread_blocked, id=23276, stack(0x0000008954100000,0x0000008954200000)]
  0x000001983721eed0 JavaThread "Unconstrained build operations Thread 69" [_thread_blocked, id=2424, stack(0x0000008954200000,0x0000008954300000)]
  0x000001983721d1f0 JavaThread "Unconstrained build operations Thread 70" [_thread_blocked, id=20172, stack(0x0000008954300000,0x0000008954400000)]
  0x00000198372223c0 JavaThread "Unconstrained build operations Thread 71" [_thread_blocked, id=13376, stack(0x0000008954400000,0x0000008954500000)]
  0x0000019837222890 JavaThread "Unconstrained build operations Thread 72" [_thread_blocked, id=16152, stack(0x0000008954500000,0x0000008954600000)]
  0x000001983721f3a0 JavaThread "Unconstrained build operations Thread 73" [_thread_blocked, id=11236, stack(0x0000008954600000,0x0000008954700000)]
  0x000001983721f870 JavaThread "Unconstrained build operations Thread 74" [_thread_blocked, id=5540, stack(0x0000008954700000,0x0000008954800000)]
  0x0000019837221ef0 JavaThread "Unconstrained build operations Thread 75" [_thread_blocked, id=14984, stack(0x0000008954800000,0x0000008954900000)]
  0x0000019837223230 JavaThread "Unconstrained build operations Thread 76" [_thread_blocked, id=15392, stack(0x0000008954900000,0x0000008954a00000)]
  0x0000019837223700 JavaThread "Unconstrained build operations Thread 77" [_thread_blocked, id=22060, stack(0x0000008954a00000,0x0000008954b00000)]
  0x0000019837221080 JavaThread "Unconstrained build operations Thread 78" [_thread_blocked, id=12404, stack(0x0000008954b00000,0x0000008954c00000)]
  0x000001983721fd40 JavaThread "Unconstrained build operations Thread 79" [_thread_blocked, id=12760, stack(0x0000008954c00000,0x0000008954d00000)]
  0x0000019837224570 JavaThread "Unconstrained build operations Thread 80" [_thread_blocked, id=10744, stack(0x0000008954d00000,0x0000008954e00000)]
  0x0000019837220210 JavaThread "Memory manager" [_thread_blocked, id=17672, stack(0x0000008954e00000,0x0000008954f00000)]

Other Threads:
  0x000001982fb6d730 VMThread "VM Thread" [stack: 0x000000894c900000,0x000000894ca00000] [id=17968]
  0x0000019815df3e70 WatcherThread [stack: 0x000000894d500000,0x000000894d600000] [id=5352]
  0x0000019815dc8ff0 GCTaskThread "GC Thread#0" [stack: 0x000000894c400000,0x000000894c500000] [id=5672]
  0x0000019831525720 GCTaskThread "GC Thread#1" [stack: 0x000000894d600000,0x000000894d700000] [id=2692]
  0x00000198315259d0 GCTaskThread "GC Thread#2" [stack: 0x000000894d700000,0x000000894d800000] [id=5608]
  0x0000019831297850 GCTaskThread "GC Thread#3" [stack: 0x000000894d800000,0x000000894d900000] [id=2052]
  0x000001983109e560 GCTaskThread "GC Thread#4" [stack: 0x000000894d900000,0x000000894da00000] [id=16124]
  0x0000019831def840 GCTaskThread "GC Thread#5" [stack: 0x000000894e500000,0x000000894e600000] [id=15376]
  0x0000019832c6aae0 GCTaskThread "GC Thread#6" [stack: 0x000000894e600000,0x000000894e700000] [id=22756]
  0x0000019832ce8fd0 GCTaskThread "GC Thread#7" [stack: 0x000000894e700000,0x000000894e800000] [id=6292]
  0x0000019815dd9dd0 ConcurrentGCThread "G1 Main Marker" [stack: 0x000000894c500000,0x000000894c600000] [id=17404]
  0x0000019815dda680 ConcurrentGCThread "G1 Conc#0" [stack: 0x000000894c600000,0x000000894c700000] [id=15324]
  0x0000019832ce9280 ConcurrentGCThread "G1 Conc#1" [stack: 0x000000894e800000,0x000000894e900000] [id=15332]
  0x0000019815e2e910 ConcurrentGCThread "G1 Refine#0" [stack: 0x000000894c700000,0x000000894c800000] [id=8764]
  0x000001982fa1c500 ConcurrentGCThread "G1 Service" [stack: 0x000000894c800000,0x000000894c900000] [id=6600]

Threads with active compile tasks:
C2 CompilerThread0    13642 6538       4       java.lang.Class::annotationData (44 bytes)
C2 CompilerThread1    13642 6690       4       java.util.regex.Pattern::compile (500 bytes)

VM state: not at safepoint (normal execution)

VM Mutex/Monitor currently owned by a thread: None

Heap address: 0x0000000080000000, size: 2048 MB, Compressed Oops mode: 32-bit

CDS archive(s) not mapped
Compressed class space mapped at: 0x0000000100000000-0x0000000140000000, reserved size: 1073741824
Narrow klass base: 0x0000000000000000, Narrow klass shift: 3, Narrow klass range: 0x140000000

GC Precious Log:
 CPUs: 8 total, 8 available
 Memory: 7990M
 Large Page Support: Disabled
 NUMA Support: Disabled
 Compressed Oops: Enabled (32-bit)
 Heap Region Size: 1M
 Heap Min Capacity: 8M
 Heap Initial Capacity: 126M
 Heap Max Capacity: 2G
 Pre-touch: Disabled
 Parallel Workers: 8
 Concurrent Workers: 2
 Concurrent Refinement Workers: 8
 Periodic GC: Disabled

Heap:
 garbage-first heap   total 198656K, used 82239K [0x0000000080000000, 0x0000000100000000)
  region size 1024K, 30 young (30720K), 2 survivors (2048K)
 Metaspace       used 65338K, committed 65856K, reserved 1114112K
  class space    used 8508K, committed 8704K, reserved 1048576K

Heap Regions: E=young(eden), S=young(survivor), O=old, HS=humongous(starts), HC=humongous(continues), CS=collection set, F=free, OA=open archive, CA=closed archive, TAMS=top-at-mark-start (previous, next)
|   0|0x0000000080000000, 0x0000000080100000, 0x0000000080100000|100%| O|  |TAMS 0x0000000080100000, 0x0000000080000000| Untracked 
|   1|0x0000000080100000, 0x0000000080200000, 0x0000000080200000|100%| O|  |TAMS 0x0000000080200000, 0x0000000080100000| Untracked 
|   2|0x0000000080200000, 0x0000000080300000, 0x0000000080300000|100%| O|  |TAMS 0x0000000080300000, 0x0000000080200000| Untracked 
|   3|0x0000000080300000, 0x0000000080400000, 0x0000000080400000|100%|HS|  |TAMS 0x0000000080400000, 0x0000000080300000| Complete 
|   4|0x0000000080400000, 0x0000000080500000, 0x0000000080500000|100%|HC|  |TAMS 0x0000000080500000, 0x0000000080400000| Complete 
|   5|0x0000000080500000, 0x0000000080600000, 0x0000000080600000|100%|HC|  |TAMS 0x0000000080600000, 0x0000000080500000| Complete 
|   6|0x0000000080600000, 0x0000000080700000, 0x0000000080700000|100%| O|  |TAMS 0x0000000080700000, 0x0000000080600000| Untracked 
|   7|0x0000000080700000, 0x0000000080800000, 0x0000000080800000|100%| O|  |TAMS 0x0000000080800000, 0x0000000080700000| Untracked 
|   8|0x0000000080800000, 0x0000000080900000, 0x0000000080900000|100%| O|  |TAMS 0x0000000080900000, 0x0000000080800000| Untracked 
|   9|0x0000000080900000, 0x0000000080a00000, 0x0000000080a00000|100%| O|  |TAMS 0x0000000080a00000, 0x0000000080900000| Untracked 
|  10|0x0000000080a00000, 0x0000000080b00000, 0x0000000080b00000|100%| O|  |TAMS 0x0000000080b00000, 0x0000000080a00000| Untracked 
|  11|0x0000000080b00000, 0x0000000080c00000, 0x0000000080c00000|100%| O|  |TAMS 0x0000000080c00000, 0x0000000080b00000| Untracked 
|  12|0x0000000080c00000, 0x0000000080d00000, 0x0000000080d00000|100%| O|  |TAMS 0x0000000080d00000, 0x0000000080c00000| Untracked 
|  13|0x0000000080d00000, 0x0000000080e00000, 0x0000000080e00000|100%| O|  |TAMS 0x0000000080e00000, 0x0000000080d00000| Untracked 
|  14|0x0000000080e00000, 0x0000000080f00000, 0x0000000080f00000|100%| O|  |TAMS 0x0000000080f00000, 0x0000000080e00000| Untracked 
|  15|0x0000000080f00000, 0x0000000081000000, 0x0000000081000000|100%| O|  |TAMS 0x0000000081000000, 0x0000000080f00000| Untracked 
|  16|0x0000000081000000, 0x0000000081100000, 0x0000000081100000|100%| O|  |TAMS 0x0000000081100000, 0x0000000081000000| Untracked 
|  17|0x0000000081100000, 0x0000000081200000, 0x0000000081200000|100%| O|  |TAMS 0x0000000081200000, 0x0000000081100000| Untracked 
|  18|0x0000000081200000, 0x0000000081300000, 0x0000000081300000|100%| O|  |TAMS 0x0000000081300000, 0x0000000081200000| Untracked 
|  19|0x0000000081300000, 0x0000000081400000, 0x0000000081400000|100%| O|  |TAMS 0x0000000081400000, 0x0000000081300000| Untracked 
|  20|0x0000000081400000, 0x0000000081500000, 0x0000000081500000|100%| O|  |TAMS 0x0000000081500000, 0x0000000081400000| Untracked 
|  21|0x0000000081500000, 0x0000000081600000, 0x0000000081600000|100%| O|  |TAMS 0x0000000081600000, 0x0000000081500000| Untracked 
|  22|0x0000000081600000, 0x0000000081700000, 0x0000000081700000|100%|HS|  |TAMS 0x0000000081600000, 0x0000000081600000| Complete 
|  23|0x0000000081700000, 0x0000000081800000, 0x0000000081800000|100%| O|  |TAMS 0x0000000081800000, 0x0000000081700000| Untracked 
|  24|0x0000000081800000, 0x0000000081900000, 0x0000000081900000|100%| O|  |TAMS 0x0000000081900000, 0x0000000081800000| Untracked 
|  25|0x0000000081900000, 0x0000000081a00000, 0x0000000081a00000|100%| O|  |TAMS 0x0000000081a00000, 0x0000000081900000| Untracked 
|  26|0x0000000081a00000, 0x0000000081b00000, 0x0000000081b00000|100%| O|  |TAMS 0x0000000081b00000, 0x0000000081a00000| Untracked 
|  27|0x0000000081b00000, 0x0000000081c00000, 0x0000000081c00000|100%| O|  |TAMS 0x0000000081c00000, 0x0000000081b00000| Untracked 
|  28|0x0000000081c00000, 0x0000000081d00000, 0x0000000081d00000|100%| O|  |TAMS 0x0000000081d00000, 0x0000000081c00000| Untracked 
|  29|0x0000000081d00000, 0x0000000081e00000, 0x0000000081e00000|100%| O|  |TAMS 0x0000000081e00000, 0x0000000081d00000| Untracked 
|  30|0x0000000081e00000, 0x0000000081f00000, 0x0000000081f00000|100%| O|  |TAMS 0x0000000081f00000, 0x0000000081e00000| Untracked 
|  31|0x0000000081f00000, 0x0000000082000000, 0x0000000082000000|100%|HS|  |TAMS 0x0000000082000000, 0x0000000081f00000| Complete 
|  32|0x0000000082000000, 0x0000000082100000, 0x0000000082100000|100%| O|  |TAMS 0x0000000082100000, 0x0000000082000000| Untracked 
|  33|0x0000000082100000, 0x0000000082200000, 0x0000000082200000|100%| O|  |TAMS 0x0000000082200000, 0x0000000082100000| Untracked 
|  34|0x0000000082200000, 0x0000000082300000, 0x0000000082300000|100%| O|  |TAMS 0x0000000082300000, 0x0000000082200000| Untracked 
|  35|0x0000000082300000, 0x0000000082400000, 0x0000000082400000|100%| O|  |TAMS 0x0000000082400000, 0x0000000082300000| Untracked 
|  36|0x0000000082400000, 0x0000000082500000, 0x0000000082500000|100%|HS|  |TAMS 0x0000000082500000, 0x0000000082400000| Complete 
|  37|0x0000000082500000, 0x0000000082600000, 0x0000000082600000|100%|HS|  |TAMS 0x0000000082600000, 0x0000000082500000| Complete 
|  38|0x0000000082600000, 0x0000000082700000, 0x0000000082700000|100%| O|  |TAMS 0x0000000082700000, 0x0000000082600000| Untracked 
|  39|0x0000000082700000, 0x0000000082800000, 0x0000000082800000|100%| O|  |TAMS 0x0000000082800000, 0x0000000082700000| Untracked 
|  40|0x0000000082800000, 0x0000000082900000, 0x0000000082900000|100%| O|  |TAMS 0x0000000082900000, 0x0000000082800000| Untracked 
|  41|0x0000000082900000, 0x0000000082a00000, 0x0000000082a00000|100%|HS|  |TAMS 0x0000000082a00000, 0x0000000082900000| Complete 
|  42|0x0000000082a00000, 0x0000000082b00000, 0x0000000082b00000|100%|HC|  |TAMS 0x0000000082b00000, 0x0000000082a00000| Complete 
|  43|0x0000000082b00000, 0x0000000082c00000, 0x0000000082c00000|100%| O|  |TAMS 0x0000000082c00000, 0x0000000082b00000| Untracked 
|  44|0x0000000082c00000, 0x0000000082d00000, 0x0000000082d00000|100%| O|  |TAMS 0x0000000082d00000, 0x0000000082c00000| Untracked 
|  45|0x0000000082d00000, 0x0000000082e00000, 0x0000000082e00000|100%| O|  |TAMS 0x0000000082e00000, 0x0000000082d00000| Untracked 
|  46|0x0000000082e00000, 0x0000000082f00000, 0x0000000082f00000|100%| O|  |TAMS 0x0000000082f00000, 0x0000000082e00000| Untracked 
|  47|0x0000000082f00000, 0x0000000083000000, 0x0000000083000000|100%| O|  |TAMS 0x0000000083000000, 0x0000000082f00000| Untracked 
|  48|0x0000000083000000, 0x0000000083100000, 0x0000000083100000|100%| O|  |TAMS 0x0000000083100000, 0x0000000083000000| Untracked 
|  49|0x0000000083100000, 0x0000000083200000, 0x0000000083200000|100%| O|  |TAMS 0x0000000083200000, 0x0000000083100000| Untracked 
|  50|0x0000000083200000, 0x0000000083300000, 0x0000000083300000|100%| O|  |TAMS 0x0000000083300000, 0x0000000083200000| Untracked 
|  51|0x0000000083300000, 0x0000000083400000, 0x0000000083400000|100%| O|  |TAMS 0x0000000083400000, 0x0000000083300000| Untracked 
|  52|0x0000000083400000, 0x00000000834b7800, 0x0000000083500000| 71%| O|  |TAMS 0x00000000834b7800, 0x0000000083400000| Complete 
|  53|0x0000000083500000, 0x0000000083500000, 0x0000000083600000|  0%| F|  |TAMS 0x0000000083500000, 0x0000000083500000| Untracked 
|  54|0x0000000083600000, 0x0000000083600000, 0x0000000083700000|  0%| F|  |TAMS 0x0000000083600000, 0x0000000083600000| Untracked 
|  55|0x0000000083700000, 0x0000000083700000, 0x0000000083800000|  0%| F|  |TAMS 0x0000000083700000, 0x0000000083700000| Untracked 
|  56|0x0000000083800000, 0x0000000083800000, 0x0000000083900000|  0%| F|  |TAMS 0x0000000083800000, 0x0000000083800000| Untracked 
|  57|0x0000000083900000, 0x0000000083900000, 0x0000000083a00000|  0%| F|  |TAMS 0x0000000083900000, 0x0000000083900000| Untracked 
|  58|0x0000000083a00000, 0x0000000083a00000, 0x0000000083b00000|  0%| F|  |TAMS 0x0000000083a00000, 0x0000000083a00000| Untracked 
|  59|0x0000000083b00000, 0x0000000083b00000, 0x0000000083c00000|  0%| F|  |TAMS 0x0000000083b00000, 0x0000000083b00000| Untracked 
|  60|0x0000000083c00000, 0x0000000083c00000, 0x0000000083d00000|  0%| F|  |TAMS 0x0000000083c00000, 0x0000000083c00000| Untracked 
|  61|0x0000000083d00000, 0x0000000083d00000, 0x0000000083e00000|  0%| F|  |TAMS 0x0000000083d00000, 0x0000000083d00000| Untracked 
|  62|0x0000000083e00000, 0x0000000083e00000, 0x0000000083f00000|  0%| F|  |TAMS 0x0000000083e00000, 0x0000000083e00000| Untracked 
|  63|0x0000000083f00000, 0x0000000083f00000, 0x0000000084000000|  0%| F|  |TAMS 0x0000000083f00000, 0x0000000083f00000| Untracked 
|  64|0x0000000084000000, 0x0000000084000000, 0x0000000084100000|  0%| F|  |TAMS 0x0000000084000000, 0x0000000084000000| Untracked 
|  65|0x0000000084100000, 0x0000000084100000, 0x0000000084200000|  0%| F|  |TAMS 0x0000000084100000, 0x0000000084100000| Untracked 
|  66|0x0000000084200000, 0x0000000084200000, 0x0000000084300000|  0%| F|  |TAMS 0x0000000084200000, 0x0000000084200000| Untracked 
|  67|0x0000000084300000, 0x0000000084300000, 0x0000000084400000|  0%| F|  |TAMS 0x0000000084300000, 0x0000000084300000| Untracked 
|  68|0x0000000084400000, 0x0000000084400000, 0x0000000084500000|  0%| F|  |TAMS 0x0000000084400000, 0x0000000084400000| Untracked 
|  69|0x0000000084500000, 0x0000000084598620, 0x0000000084600000| 59%| S|CS|TAMS 0x0000000084500000, 0x0000000084500000| Complete 
|  70|0x0000000084600000, 0x0000000084700000, 0x0000000084700000|100%| S|CS|TAMS 0x0000000084600000, 0x0000000084600000| Complete 
|  71|0x0000000084700000, 0x0000000084700000, 0x0000000084800000|  0%| F|  |TAMS 0x0000000084700000, 0x0000000084700000| Untracked 
|  72|0x0000000084800000, 0x0000000084800000, 0x0000000084900000|  0%| F|  |TAMS 0x0000000084800000, 0x0000000084800000| Untracked 
|  73|0x0000000084900000, 0x0000000084900000, 0x0000000084a00000|  0%| F|  |TAMS 0x0000000084900000, 0x0000000084900000| Untracked 
|  74|0x0000000084a00000, 0x0000000084a00000, 0x0000000084b00000|  0%| F|  |TAMS 0x0000000084a00000, 0x0000000084a00000| Untracked 
|  75|0x0000000084b00000, 0x0000000084b00000, 0x0000000084c00000|  0%| F|  |TAMS 0x0000000084b00000, 0x0000000084b00000| Untracked 
|  76|0x0000000084c00000, 0x0000000084c00000, 0x0000000084d00000|  0%| F|  |TAMS 0x0000000084c00000, 0x0000000084c00000| Untracked 
|  77|0x0000000084d00000, 0x0000000084d00000, 0x0000000084e00000|  0%| F|  |TAMS 0x0000000084d00000, 0x0000000084d00000| Untracked 
|  78|0x0000000084e00000, 0x0000000084e00000, 0x0000000084f00000|  0%| F|  |TAMS 0x0000000084e00000, 0x0000000084e00000| Untracked 
|  79|0x0000000084f00000, 0x0000000084f00000, 0x0000000085000000|  0%| F|  |TAMS 0x0000000084f00000, 0x0000000084f00000| Untracked 
|  80|0x0000000085000000, 0x0000000085000000, 0x0000000085100000|  0%| F|  |TAMS 0x0000000085000000, 0x0000000085000000| Untracked 
|  81|0x0000000085100000, 0x0000000085100000, 0x0000000085200000|  0%| F|  |TAMS 0x0000000085100000, 0x0000000085100000| Untracked 
|  82|0x0000000085200000, 0x0000000085200000, 0x0000000085300000|  0%| F|  |TAMS 0x0000000085200000, 0x0000000085200000| Untracked 
|  83|0x0000000085300000, 0x0000000085300000, 0x0000000085400000|  0%| F|  |TAMS 0x0000000085300000, 0x0000000085300000| Untracked 
|  84|0x0000000085400000, 0x0000000085400000, 0x0000000085500000|  0%| F|  |TAMS 0x0000000085400000, 0x0000000085400000| Untracked 
|  85|0x0000000085500000, 0x0000000085500000, 0x0000000085600000|  0%| F|  |TAMS 0x0000000085500000, 0x0000000085500000| Untracked 
|  86|0x0000000085600000, 0x0000000085600000, 0x0000000085700000|  0%| F|  |TAMS 0x0000000085600000, 0x0000000085600000| Untracked 
|  87|0x0000000085700000, 0x0000000085700000, 0x0000000085800000|  0%| F|  |TAMS 0x0000000085700000, 0x0000000085700000| Untracked 
|  88|0x0000000085800000, 0x0000000085800000, 0x0000000085900000|  0%| F|  |TAMS 0x0000000085800000, 0x0000000085800000| Untracked 
|  89|0x0000000085900000, 0x0000000085900000, 0x0000000085a00000|  0%| F|  |TAMS 0x0000000085900000, 0x0000000085900000| Untracked 
|  90|0x0000000085a00000, 0x0000000085a00000, 0x0000000085b00000|  0%| F|  |TAMS 0x0000000085a00000, 0x0000000085a00000| Untracked 
|  91|0x0000000085b00000, 0x0000000085b00000, 0x0000000085c00000|  0%| F|  |TAMS 0x0000000085b00000, 0x0000000085b00000| Untracked 
|  92|0x0000000085c00000, 0x0000000085c00000, 0x0000000085d00000|  0%| F|  |TAMS 0x0000000085c00000, 0x0000000085c00000| Untracked 
|  93|0x0000000085d00000, 0x0000000085d00000, 0x0000000085e00000|  0%| F|  |TAMS 0x0000000085d00000, 0x0000000085d00000| Untracked 
|  94|0x0000000085e00000, 0x0000000085e00000, 0x0000000085f00000|  0%| F|  |TAMS 0x0000000085e00000, 0x0000000085e00000| Untracked 
|  95|0x0000000085f00000, 0x0000000085f00000, 0x0000000086000000|  0%| F|  |TAMS 0x0000000085f00000, 0x0000000085f00000| Untracked 
|  96|0x0000000086000000, 0x0000000086000000, 0x0000000086100000|  0%| F|  |TAMS 0x0000000086000000, 0x0000000086000000| Untracked 
|  97|0x0000000086100000, 0x0000000086100000, 0x0000000086200000|  0%| F|  |TAMS 0x0000000086100000, 0x0000000086100000| Untracked 
|  98|0x0000000086200000, 0x0000000086200000, 0x0000000086300000|  0%| F|  |TAMS 0x0000000086200000, 0x0000000086200000| Untracked 
|  99|0x0000000086300000, 0x0000000086300000, 0x0000000086400000|  0%| F|  |TAMS 0x0000000086300000, 0x0000000086300000| Untracked 
| 100|0x0000000086400000, 0x0000000086400000, 0x0000000086500000|  0%| F|  |TAMS 0x0000000086400000, 0x0000000086400000| Untracked 
| 101|0x0000000086500000, 0x0000000086500000, 0x0000000086600000|  0%| F|  |TAMS 0x0000000086500000, 0x0000000086500000| Untracked 
| 102|0x0000000086600000, 0x0000000086600000, 0x0000000086700000|  0%| F|  |TAMS 0x0000000086600000, 0x0000000086600000| Untracked 
| 103|0x0000000086700000, 0x0000000086700000, 0x0000000086800000|  0%| F|  |TAMS 0x0000000086700000, 0x0000000086700000| Untracked 
| 104|0x0000000086800000, 0x0000000086800000, 0x0000000086900000|  0%| F|  |TAMS 0x0000000086800000, 0x0000000086800000| Untracked 
| 105|0x0000000086900000, 0x0000000086900000, 0x0000000086a00000|  0%| F|  |TAMS 0x0000000086900000, 0x0000000086900000| Untracked 
| 106|0x0000000086a00000, 0x0000000086a00000, 0x0000000086b00000|  0%| F|  |TAMS 0x0000000086a00000, 0x0000000086a00000| Untracked 
| 107|0x0000000086b00000, 0x0000000086b00000, 0x0000000086c00000|  0%| F|  |TAMS 0x0000000086b00000, 0x0000000086b00000| Untracked 
| 108|0x0000000086c00000, 0x0000000086c00000, 0x0000000086d00000|  0%| F|  |TAMS 0x0000000086c00000, 0x0000000086c00000| Untracked 
| 109|0x0000000086d00000, 0x0000000086d00000, 0x0000000086e00000|  0%| F|  |TAMS 0x0000000086d00000, 0x0000000086d00000| Untracked 
| 110|0x0000000086e00000, 0x0000000086e00000, 0x0000000086f00000|  0%| F|  |TAMS 0x0000000086e00000, 0x0000000086e00000| Untracked 
| 111|0x0000000086f00000, 0x0000000086f00000, 0x0000000087000000|  0%| F|  |TAMS 0x0000000086f00000, 0x0000000086f00000| Untracked 
| 112|0x0000000087000000, 0x0000000087000000, 0x0000000087100000|  0%| F|  |TAMS 0x0000000087000000, 0x0000000087000000| Untracked 
| 113|0x0000000087100000, 0x0000000087100000, 0x0000000087200000|  0%| F|  |TAMS 0x0000000087100000, 0x0000000087100000| Untracked 
| 114|0x0000000087200000, 0x0000000087200000, 0x0000000087300000|  0%| F|  |TAMS 0x0000000087200000, 0x0000000087200000| Untracked 
| 115|0x0000000087300000, 0x0000000087300000, 0x0000000087400000|  0%| F|  |TAMS 0x0000000087300000, 0x0000000087300000| Untracked 
| 116|0x0000000087400000, 0x0000000087400000, 0x0000000087500000|  0%| F|  |TAMS 0x0000000087400000, 0x0000000087400000| Untracked 
| 117|0x0000000087500000, 0x0000000087500000, 0x0000000087600000|  0%| F|  |TAMS 0x0000000087500000, 0x0000000087500000| Untracked 
| 118|0x0000000087600000, 0x0000000087600000, 0x0000000087700000|  0%| F|  |TAMS 0x0000000087600000, 0x0000000087600000| Untracked 
| 119|0x0000000087700000, 0x0000000087700000, 0x0000000087800000|  0%| F|  |TAMS 0x0000000087700000, 0x0000000087700000| Untracked 
| 120|0x0000000087800000, 0x0000000087800000, 0x0000000087900000|  0%| F|  |TAMS 0x0000000087800000, 0x0000000087800000| Untracked 
| 121|0x0000000087900000, 0x0000000087900000, 0x0000000087a00000|  0%| F|  |TAMS 0x0000000087900000, 0x0000000087900000| Untracked 
| 122|0x0000000087a00000, 0x0000000087a00000, 0x0000000087b00000|  0%| F|  |TAMS 0x0000000087a00000, 0x0000000087a00000| Untracked 
| 123|0x0000000087b00000, 0x0000000087b00000, 0x0000000087c00000|  0%| F|  |TAMS 0x0000000087b00000, 0x0000000087b00000| Untracked 
| 124|0x0000000087c00000, 0x0000000087c00000, 0x0000000087d00000|  0%| F|  |TAMS 0x0000000087c00000, 0x0000000087c00000| Untracked 
| 125|0x0000000087d00000, 0x0000000087d00000, 0x0000000087e00000|  0%| F|  |TAMS 0x0000000087d00000, 0x0000000087d00000| Untracked 
| 126|0x0000000087e00000, 0x0000000087e00000, 0x0000000087f00000|  0%| F|  |TAMS 0x0000000087e00000, 0x0000000087e00000| Untracked 
| 127|0x0000000087f00000, 0x0000000087f00000, 0x0000000088000000|  0%| F|  |TAMS 0x0000000087f00000, 0x0000000087f00000| Untracked 
| 128|0x0000000088000000, 0x0000000088000000, 0x0000000088100000|  0%| F|  |TAMS 0x0000000088000000, 0x0000000088000000| Untracked 
| 129|0x0000000088100000, 0x0000000088100000, 0x0000000088200000|  0%| F|  |TAMS 0x0000000088100000, 0x0000000088100000| Untracked 
| 130|0x0000000088200000, 0x0000000088200000, 0x0000000088300000|  0%| F|  |TAMS 0x0000000088200000, 0x0000000088200000| Untracked 
| 131|0x0000000088300000, 0x0000000088300000, 0x0000000088400000|  0%| F|  |TAMS 0x0000000088300000, 0x0000000088300000| Untracked 
| 132|0x0000000088400000, 0x0000000088400000, 0x0000000088500000|  0%| F|  |TAMS 0x0000000088400000, 0x0000000088400000| Untracked 
| 133|0x0000000088500000, 0x0000000088500000, 0x0000000088600000|  0%| F|  |TAMS 0x0000000088500000, 0x0000000088500000| Untracked 
| 134|0x0000000088600000, 0x0000000088600000, 0x0000000088700000|  0%| F|  |TAMS 0x0000000088600000, 0x0000000088600000| Untracked 
| 135|0x0000000088700000, 0x0000000088700000, 0x0000000088800000|  0%| F|  |TAMS 0x0000000088700000, 0x0000000088700000| Untracked 
| 136|0x0000000088800000, 0x0000000088800000, 0x0000000088900000|  0%| F|  |TAMS 0x0000000088800000, 0x0000000088800000| Untracked 
| 137|0x0000000088900000, 0x0000000088900000, 0x0000000088a00000|  0%| F|  |TAMS 0x0000000088900000, 0x0000000088900000| Untracked 
| 138|0x0000000088a00000, 0x0000000088a00000, 0x0000000088b00000|  0%| F|  |TAMS 0x0000000088a00000, 0x0000000088a00000| Untracked 
| 139|0x0000000088b00000, 0x0000000088b00000, 0x0000000088c00000|  0%| F|  |TAMS 0x0000000088b00000, 0x0000000088b00000| Untracked 
| 140|0x0000000088c00000, 0x0000000088c00000, 0x0000000088d00000|  0%| F|  |TAMS 0x0000000088c00000, 0x0000000088c00000| Untracked 
| 141|0x0000000088d00000, 0x0000000088d00000, 0x0000000088e00000|  0%| F|  |TAMS 0x0000000088d00000, 0x0000000088d00000| Untracked 
| 142|0x0000000088e00000, 0x0000000088e00000, 0x0000000088f00000|  0%| F|  |TAMS 0x0000000088e00000, 0x0000000088e00000| Untracked 
| 143|0x0000000088f00000, 0x0000000088f00000, 0x0000000089000000|  0%| F|  |TAMS 0x0000000088f00000, 0x0000000088f00000| Untracked 
| 144|0x0000000089000000, 0x0000000089000000, 0x0000000089100000|  0%| F|  |TAMS 0x0000000089000000, 0x0000000089000000| Untracked 
| 145|0x0000000089100000, 0x0000000089100000, 0x0000000089200000|  0%| F|  |TAMS 0x0000000089100000, 0x0000000089100000| Untracked 
| 146|0x0000000089200000, 0x0000000089200000, 0x0000000089300000|  0%| F|  |TAMS 0x0000000089200000, 0x0000000089200000| Untracked 
| 147|0x0000000089300000, 0x0000000089300000, 0x0000000089400000|  0%| F|  |TAMS 0x0000000089300000, 0x0000000089300000| Untracked 
| 148|0x0000000089400000, 0x0000000089400000, 0x0000000089500000|  0%| F|  |TAMS 0x0000000089400000, 0x0000000089400000| Untracked 
| 149|0x0000000089500000, 0x0000000089500000, 0x0000000089600000|  0%| F|  |TAMS 0x0000000089500000, 0x0000000089500000| Untracked 
| 150|0x0000000089600000, 0x0000000089600000, 0x0000000089700000|  0%| F|  |TAMS 0x0000000089600000, 0x0000000089600000| Untracked 
| 151|0x0000000089700000, 0x0000000089700000, 0x0000000089800000|  0%| F|  |TAMS 0x0000000089700000, 0x0000000089700000| Untracked 
| 152|0x0000000089800000, 0x0000000089800000, 0x0000000089900000|  0%| F|  |TAMS 0x0000000089800000, 0x0000000089800000| Untracked 
| 153|0x0000000089900000, 0x0000000089900000, 0x0000000089a00000|  0%| F|  |TAMS 0x0000000089900000, 0x0000000089900000| Untracked 
| 154|0x0000000089a00000, 0x0000000089a00000, 0x0000000089b00000|  0%| F|  |TAMS 0x0000000089a00000, 0x0000000089a00000| Untracked 
| 155|0x0000000089b00000, 0x0000000089b00000, 0x0000000089c00000|  0%| F|  |TAMS 0x0000000089b00000, 0x0000000089b00000| Untracked 
| 156|0x0000000089c00000, 0x0000000089c00000, 0x0000000089d00000|  0%| F|  |TAMS 0x0000000089c00000, 0x0000000089c00000| Untracked 
| 157|0x0000000089d00000, 0x0000000089d00000, 0x0000000089e00000|  0%| F|  |TAMS 0x0000000089d00000, 0x0000000089d00000| Untracked 
| 158|0x0000000089e00000, 0x0000000089e00000, 0x0000000089f00000|  0%| F|  |TAMS 0x0000000089e00000, 0x0000000089e00000| Untracked 
| 159|0x0000000089f00000, 0x0000000089f00000, 0x000000008a000000|  0%| F|  |TAMS 0x0000000089f00000, 0x0000000089f00000| Untracked 
| 160|0x000000008a000000, 0x000000008a000000, 0x000000008a100000|  0%| F|  |TAMS 0x000000008a000000, 0x000000008a000000| Untracked 
| 161|0x000000008a100000, 0x000000008a100000, 0x000000008a200000|  0%| F|  |TAMS 0x000000008a100000, 0x000000008a100000| Untracked 
| 162|0x000000008a200000, 0x000000008a200000, 0x000000008a300000|  0%| F|  |TAMS 0x000000008a200000, 0x000000008a200000| Untracked 
| 163|0x000000008a300000, 0x000000008a300000, 0x000000008a400000|  0%| F|  |TAMS 0x000000008a300000, 0x000000008a300000| Untracked 
| 164|0x000000008a400000, 0x000000008a400000, 0x000000008a500000|  0%| F|  |TAMS 0x000000008a400000, 0x000000008a400000| Untracked 
| 165|0x000000008a500000, 0x000000008a500000, 0x000000008a600000|  0%| F|  |TAMS 0x000000008a500000, 0x000000008a500000| Untracked 
| 166|0x000000008a600000, 0x000000008a6d0300, 0x000000008a700000| 81%| E|  |TAMS 0x000000008a600000, 0x000000008a600000| Complete 
| 167|0x000000008a700000, 0x000000008a800000, 0x000000008a800000|100%| E|CS|TAMS 0x000000008a700000, 0x000000008a700000| Complete 
| 168|0x000000008a800000, 0x000000008a900000, 0x000000008a900000|100%| E|CS|TAMS 0x000000008a800000, 0x000000008a800000| Complete 
| 169|0x000000008a900000, 0x000000008aa00000, 0x000000008aa00000|100%| E|CS|TAMS 0x000000008a900000, 0x000000008a900000| Complete 
| 170|0x000000008aa00000, 0x000000008ab00000, 0x000000008ab00000|100%| E|CS|TAMS 0x000000008aa00000, 0x000000008aa00000| Complete 
| 171|0x000000008ab00000, 0x000000008ac00000, 0x000000008ac00000|100%| E|CS|TAMS 0x000000008ab00000, 0x000000008ab00000| Complete 
| 172|0x000000008ac00000, 0x000000008ad00000, 0x000000008ad00000|100%| E|CS|TAMS 0x000000008ac00000, 0x000000008ac00000| Complete 
| 173|0x000000008ad00000, 0x000000008ae00000, 0x000000008ae00000|100%| E|CS|TAMS 0x000000008ad00000, 0x000000008ad00000| Complete 
| 174|0x000000008ae00000, 0x000000008af00000, 0x000000008af00000|100%| E|  |TAMS 0x000000008ae00000, 0x000000008ae00000| Complete 
| 175|0x000000008af00000, 0x000000008b000000, 0x000000008b000000|100%| E|CS|TAMS 0x000000008af00000, 0x000000008af00000| Complete 
| 176|0x000000008b000000, 0x000000008b100000, 0x000000008b100000|100%| E|CS|TAMS 0x000000008b000000, 0x000000008b000000| Complete 
| 177|0x000000008b100000, 0x000000008b200000, 0x000000008b200000|100%| E|CS|TAMS 0x000000008b100000, 0x000000008b100000| Complete 
| 178|0x000000008b200000, 0x000000008b300000, 0x000000008b300000|100%| E|CS|TAMS 0x000000008b200000, 0x000000008b200000| Complete 
| 179|0x000000008b300000, 0x000000008b400000, 0x000000008b400000|100%| E|CS|TAMS 0x000000008b300000, 0x000000008b300000| Complete 
| 180|0x000000008b400000, 0x000000008b500000, 0x000000008b500000|100%| E|CS|TAMS 0x000000008b400000, 0x000000008b400000| Complete 
| 181|0x000000008b500000, 0x000000008b600000, 0x000000008b600000|100%| E|CS|TAMS 0x000000008b500000, 0x000000008b500000| Complete 
| 182|0x000000008b600000, 0x000000008b700000, 0x000000008b700000|100%| E|CS|TAMS 0x000000008b600000, 0x000000008b600000| Complete 
| 183|0x000000008b700000, 0x000000008b800000, 0x000000008b800000|100%| E|CS|TAMS 0x000000008b700000, 0x000000008b700000| Complete 
| 184|0x000000008b800000, 0x000000008b900000, 0x000000008b900000|100%| E|CS|TAMS 0x000000008b800000, 0x000000008b800000| Complete 
| 185|0x000000008b900000, 0x000000008ba00000, 0x000000008ba00000|100%| E|CS|TAMS 0x000000008b900000, 0x000000008b900000| Complete 
| 186|0x000000008ba00000, 0x000000008bb00000, 0x000000008bb00000|100%| E|CS|TAMS 0x000000008ba00000, 0x000000008ba00000| Complete 
| 187|0x000000008bb00000, 0x000000008bc00000, 0x000000008bc00000|100%| E|CS|TAMS 0x000000008bb00000, 0x000000008bb00000| Complete 
| 188|0x000000008bc00000, 0x000000008bd00000, 0x000000008bd00000|100%| E|CS|TAMS 0x000000008bc00000, 0x000000008bc00000| Complete 
| 189|0x000000008bd00000, 0x000000008be00000, 0x000000008be00000|100%| E|CS|TAMS 0x000000008bd00000, 0x000000008bd00000| Complete 
| 190|0x000000008be00000, 0x000000008bf00000, 0x000000008bf00000|100%| E|CS|TAMS 0x000000008be00000, 0x000000008be00000| Complete 
| 191|0x000000008bf00000, 0x000000008c000000, 0x000000008c000000|100%| E|CS|TAMS 0x000000008bf00000, 0x000000008bf00000| Complete 
| 192|0x000000008c000000, 0x000000008c100000, 0x000000008c100000|100%| E|CS|TAMS 0x000000008c000000, 0x000000008c000000| Complete 
| 193|0x000000008c100000, 0x000000008c200000, 0x000000008c200000|100%| E|CS|TAMS 0x000000008c100000, 0x000000008c100000| Complete 

Card table byte_map: [0x0000019828960000,0x0000019828d60000] _byte_map_base: 0x0000019828560000

Marking Bits (Prev, Next): (CMBitMap*) 0x0000019815dc94a0, (CMBitMap*) 0x0000019815dc94e0
 Prev Bits: [0x0000019829160000, 0x000001982b160000)
 Next Bits: [0x000001982b160000, 0x000001982d160000)

Polling page: 0x0000019815530000

Metaspace:

Usage:
  Non-class:     55.50 MB used.
      Class:      8.31 MB used.
       Both:     63.81 MB used.

Virtual space:
  Non-class space:       64.00 MB reserved,      55.81 MB ( 87%) committed,  8 nodes.
      Class space:        1.00 GB reserved,       8.50 MB ( <1%) committed,  1 nodes.
             Both:        1.06 GB reserved,      64.31 MB (  6%) committed. 

Chunk freelists:
   Non-Class:  3.59 MB
       Class:  3.52 MB
        Both:  7.11 MB

MaxMetaspaceSize: unlimited
CompressedClassSpaceSize: 1.00 GB
Initial GC threshold: 21.00 MB
Current GC threshold: 103.69 MB
CDS: off
MetaspaceReclaimPolicy: balanced
 - commit_granule_bytes: 65536.
 - commit_granule_words: 8192.
 - virtual_space_node_default_size: 1048576.
 - enlarge_chunks_in_place: 1.
 - new_chunks_are_fully_committed: 0.
 - uncommit_free_chunks: 1.
 - use_allocation_guard: 0.
 - handle_deallocations: 1.


Internal statistics:

num_allocs_failed_limit: 9.
num_arena_births: 544.
num_arena_deaths: 0.
num_vsnodes_births: 9.
num_vsnodes_deaths: 0.
num_space_committed: 1029.
num_space_uncommitted: 0.
num_chunks_returned_to_freelist: 9.
num_chunks_taken_from_freelist: 2677.
num_chunk_merges: 3.
num_chunk_splits: 1779.
num_chunks_enlarged: 1229.
num_purges: 0.
num_inconsistent_stats: 0.

CodeHeap 'non-profiled nmethods': size=120000Kb used=3140Kb max_used=3559Kb free=116859Kb
 bounds [0x0000019820d00000, 0x0000019821080000, 0x0000019828230000]
CodeHeap 'profiled nmethods': size=120000Kb used=11555Kb max_used=12748Kb free=108444Kb
 bounds [0x0000019819230000, 0x0000019819eb0000, 0x0000019820760000]
CodeHeap 'non-nmethods': size=5760Kb used=2346Kb max_used=2413Kb free=3414Kb
 bounds [0x0000019820760000, 0x00000198209d0000, 0x0000019820d00000]
 total_blobs=6762 nmethods=5894 adapters=778
 compilation: enabled
              stopped_count=0, restarted_count=0
 full_count=0

Compilation events (20 events):
Event: 13.580 Thread 0x00000198304400a0 6718       3       java.lang.StringUTF16::length (5 bytes)
Event: 13.580 Thread 0x00000198304400a0 nmethod 6718 0x000001981928fa90 code [0x000001981928fc20, 0x000001981928fd18]
Event: 13.580 Thread 0x00000198304400a0 6719       3       java.lang.StringUTF16::checkIndex (9 bytes)
Event: 13.580 Thread 0x00000198304400a0 nmethod 6719 0x0000019819701e90 code [0x0000019819702040, 0x00000198197021c8]
Event: 13.580 Thread 0x00000198304400a0 6722       3       java.util.regex.Pattern$NotBehind::match (137 bytes)
Event: 13.580 Thread 0x00000198304400a0 nmethod 6722 0x0000019819701510 code [0x00000198197016e0, 0x0000019819701cd8]
Event: 13.580 Thread 0x00000198304400a0 6723       3       java.lang.StringLatin1::canEncode (13 bytes)
Event: 13.581 Thread 0x00000198304400a0 nmethod 6723 0x00000198195a1190 code [0x00000198195a1320, 0x00000198195a1478]
Event: 13.581 Thread 0x00000198304400a0 6720       3       java.lang.StringUTF16::charAt (11 bytes)
Event: 13.581 Thread 0x00000198304400a0 nmethod 6720 0x000001981974a010 code [0x000001981974a1c0, 0x000001981974a3c8]
Event: 13.583 Thread 0x00000198304400a0 6724       3       java.lang.AbstractStringBuilder::appendChars (207 bytes)
Event: 13.584 Thread 0x00000198304400a0 nmethod 6724 0x0000019819ac5910 code [0x0000019819ac5bc0, 0x0000019819ac6ba8]
Event: 13.584 Thread 0x00000198304400a0 6726       3       java.lang.AbstractStringBuilder::putStringAt (12 bytes)
Event: 13.584 Thread 0x00000198304400a0 nmethod 6726 0x0000019819749a90 code [0x0000019819749c40, 0x0000019819749e88]
Event: 13.584 Thread 0x00000198304400a0 6725       3       java.util.regex.Pattern$TreeInfo::reset (21 bytes)
Event: 13.584 Thread 0x00000198304400a0 nmethod 6725 0x0000019819768810 code [0x00000198197689a0, 0x0000019819768ab8]
Event: 13.585 Thread 0x00000198304400a0 6728       3       java.util.regex.Pattern$BitClass::add (97 bytes)
Event: 13.585 Thread 0x00000198304400a0 nmethod 6728 0x0000019819804a90 code [0x0000019819804ce0, 0x0000019819805618]
Event: 13.587 Thread 0x00000198304400a0 6729       3       java.lang.AbstractStringBuilder::append (63 bytes)
Event: 13.587 Thread 0x00000198304400a0 nmethod 6729 0x000001981987ea10 code [0x000001981987ec00, 0x000001981987f148]

GC Heap History (20 events):
Event: 10.521 GC heap before
{Heap before GC invocations=17 (full 0):
 garbage-first heap   total 73728K, used 54831K [0x0000000080000000, 0x0000000100000000)
  region size 1024K, 24 young (24576K), 4 survivors (4096K)
 Metaspace       used 49997K, committed 50432K, reserved 1097728K
  class space    used 6553K, committed 6720K, reserved 1048576K
}
Event: 10.529 GC heap after
{Heap after GC invocations=18 (full 0):
 garbage-first heap   total 73728K, used 38894K [0x0000000080000000, 0x0000000100000000)
  region size 1024K, 3 young (3072K), 3 survivors (3072K)
 Metaspace       used 49997K, committed 50432K, reserved 1097728K
  class space    used 6553K, committed 6720K, reserved 1048576K
}
Event: 10.788 GC heap before
{Heap before GC invocations=19 (full 0):
 garbage-first heap   total 73728K, used 45038K [0x0000000080000000, 0x0000000100000000)
  region size 1024K, 9 young (9216K), 3 survivors (3072K)
 Metaspace       used 50005K, committed 50432K, reserved 1097728K
  class space    used 6553K, committed 6720K, reserved 1048576K
}
Event: 10.792 GC heap after
{Heap after GC invocations=20 (full 0):
 garbage-first heap   total 73728K, used 44950K [0x0000000080000000, 0x0000000100000000)
  region size 1024K, 3 young (3072K), 3 survivors (3072K)
 Metaspace       used 50005K, committed 50432K, reserved 1097728K
  class space    used 6553K, committed 6720K, reserved 1048576K
}
Event: 11.066 GC heap before
{Heap before GC invocations=21 (full 0):
 garbage-first heap   total 80896K, used 56214K [0x0000000080000000, 0x0000000100000000)
  region size 1024K, 13 young (13312K), 3 survivors (3072K)
 Metaspace       used 51185K, committed 51648K, reserved 1097728K
  class space    used 6709K, committed 6912K, reserved 1048576K
}
Event: 11.069 GC heap after
{Heap after GC invocations=22 (full 0):
 garbage-first heap   total 80896K, used 48546K [0x0000000080000000, 0x0000000100000000)
  region size 1024K, 2 young (2048K), 2 survivors (2048K)
 Metaspace       used 51185K, committed 51648K, reserved 1097728K
  class space    used 6709K, committed 6912K, reserved 1048576K
}
Event: 11.349 GC heap before
{Heap before GC invocations=22 (full 0):
 garbage-first heap   total 80896K, used 59810K [0x0000000080000000, 0x0000000100000000)
  region size 1024K, 13 young (13312K), 2 survivors (2048K)
 Metaspace       used 52876K, committed 53376K, reserved 1097728K
  class space    used 6929K, committed 7168K, reserved 1048576K
}
Event: 11.352 GC heap after
{Heap after GC invocations=23 (full 0):
 garbage-first heap   total 80896K, used 48844K [0x0000000080000000, 0x0000000100000000)
  region size 1024K, 1 young (1024K), 1 survivors (1024K)
 Metaspace       used 52876K, committed 53376K, reserved 1097728K
  class space    used 6929K, committed 7168K, reserved 1048576K
}
Event: 11.757 GC heap before
{Heap before GC invocations=24 (full 0):
 garbage-first heap   total 87040K, used 61132K [0x0000000080000000, 0x0000000100000000)
  region size 1024K, 13 young (13312K), 1 survivors (1024K)
 Metaspace       used 54923K, committed 55424K, reserved 1097728K
  class space    used 7203K, committed 7424K, reserved 1048576K
}
Event: 11.760 GC heap after
{Heap after GC invocations=25 (full 0):
 garbage-first heap   total 87040K, used 49469K [0x0000000080000000, 0x0000000100000000)
  region size 1024K, 2 young (2048K), 2 survivors (2048K)
 Metaspace       used 54923K, committed 55424K, reserved 1097728K
  class space    used 7203K, committed 7424K, reserved 1048576K
}
Event: 11.815 GC heap before
{Heap before GC invocations=25 (full 0):
 garbage-first heap   total 87040K, used 51517K [0x0000000080000000, 0x0000000100000000)
  region size 1024K, 4 young (4096K), 2 survivors (2048K)
 Metaspace       used 55221K, committed 55680K, reserved 1097728K
  class space    used 7259K, committed 7424K, reserved 1048576K
}
Event: 11.818 GC heap after
{Heap after GC invocations=26 (full 0):
 garbage-first heap   total 87040K, used 49038K [0x0000000080000000, 0x0000000100000000)
  region size 1024K, 1 young (1024K), 1 survivors (1024K)
 Metaspace       used 55221K, committed 55680K, reserved 1097728K
  class space    used 7259K, committed 7424K, reserved 1048576K
}
Event: 12.184 GC heap before
{Heap before GC invocations=26 (full 0):
 garbage-first heap   total 87040K, used 65422K [0x0000000080000000, 0x0000000100000000)
  region size 1024K, 17 young (17408K), 1 survivors (1024K)
 Metaspace       used 57928K, committed 58432K, reserved 1105920K
  class space    used 7565K, committed 7808K, reserved 1048576K
}
Event: 12.187 GC heap after
{Heap after GC invocations=27 (full 0):
 garbage-first heap   total 87040K, used 49487K [0x0000000080000000, 0x0000000100000000)
  region size 1024K, 1 young (1024K), 1 survivors (1024K)
 Metaspace       used 57928K, committed 58432K, reserved 1105920K
  class space    used 7565K, committed 7808K, reserved 1048576K
}
Event: 12.789 GC heap before
{Heap before GC invocations=28 (full 0):
 garbage-first heap   total 89088K, used 65871K [0x0000000080000000, 0x0000000100000000)
  region size 1024K, 18 young (18432K), 1 survivors (1024K)
 Metaspace       used 61265K, committed 61696K, reserved 1105920K
  class space    used 8003K, committed 8192K, reserved 1048576K
}
Event: 12.795 GC heap after
{Heap after GC invocations=29 (full 0):
 garbage-first heap   total 89088K, used 52867K [0x0000000080000000, 0x0000000100000000)
  region size 1024K, 3 young (3072K), 3 survivors (3072K)
 Metaspace       used 61265K, committed 61696K, reserved 1105920K
  class space    used 8003K, committed 8192K, reserved 1048576K
}
Event: 12.801 GC heap before
{Heap before GC invocations=29 (full 0):
 garbage-first heap   total 89088K, used 53891K [0x0000000080000000, 0x0000000100000000)
  region size 1024K, 4 young (4096K), 3 survivors (3072K)
 Metaspace       used 61265K, committed 61696K, reserved 1105920K
  class space    used 8003K, committed 8192K, reserved 1048576K
}
Event: 12.810 GC heap after
{Heap after GC invocations=30 (full 0):
 garbage-first heap   total 89088K, used 53806K [0x0000000080000000, 0x0000000100000000)
  region size 1024K, 1 young (1024K), 1 survivors (1024K)
 Metaspace       used 61265K, committed 61696K, reserved 1105920K
  class space    used 8003K, committed 8192K, reserved 1048576K
}
Event: 13.133 GC heap before
{Heap before GC invocations=30 (full 0):
 garbage-first heap   total 89088K, used 68142K [0x0000000080000000, 0x0000000100000000)
  region size 1024K, 16 young (16384K), 1 survivors (1024K)
 Metaspace       used 62859K, committed 63424K, reserved 1105920K
  class space    used 8209K, committed 8448K, reserved 1048576K
}
Event: 13.137 GC heap after
{Heap after GC invocations=31 (full 0):
 garbage-first heap   total 198656K, used 54591K [0x0000000080000000, 0x0000000100000000)
  region size 1024K, 2 young (2048K), 2 survivors (2048K)
 Metaspace       used 62859K, committed 63424K, reserved 1105920K
  class space    used 8209K, committed 8448K, reserved 1048576K
}

Dll operation events (2 events):
Event: 0.013 Loaded shared library C:\Program Files\Android\Android Studio\jbr\bin\java.dll
Event: 0.561 Loaded shared library C:\Program Files\Android\Android Studio\jbr\bin\verify.dll

Deoptimization events (20 events):
Event: 13.580 Thread 0x0000019831c1da50 Uncommon trap: trap_request=0xffffff45 fr.pc=0x0000019820e3d214 relative=0x0000000000000174
Event: 13.580 Thread 0x0000019831c1da50 Uncommon trap: reason=unstable_if action=reinterpret pc=0x0000019820e3d214 method=java.lang.AbstractStringBuilder.appendChars(Ljava/lang/String;II)V @ 11 c2
Event: 13.580 Thread 0x0000019831c1da50 DEOPT PACKING pc=0x0000019820e3d214 sp=0x000000894e0f6b80
Event: 13.580 Thread 0x0000019831c1da50 DEOPT UNPACKING pc=0x00000198207b69a3 sp=0x000000894e0f6b30 mode 2
Event: 13.580 Thread 0x0000019831c1da50 Uncommon trap: trap_request=0xffffff45 fr.pc=0x0000019820d0a438 relative=0x0000000000000038
Event: 13.580 Thread 0x0000019831c1da50 Uncommon trap: reason=unstable_if action=reinterpret pc=0x0000019820d0a438 method=java.lang.StringLatin1.canEncode(I)Z @ 4 c2
Event: 13.580 Thread 0x0000019831c1da50 DEOPT PACKING pc=0x0000019820d0a438 sp=0x000000894e0f6b40
Event: 13.580 Thread 0x0000019831c1da50 DEOPT UNPACKING pc=0x00000198207b69a3 sp=0x000000894e0f6ad0 mode 2
Event: 13.580 Thread 0x0000019831c1da50 Uncommon trap: trap_request=0xffffff45 fr.pc=0x0000019820d9fea8 relative=0x0000000000000408
Event: 13.580 Thread 0x0000019831c1da50 Uncommon trap: reason=unstable_if action=reinterpret pc=0x0000019820d9fea8 method=java.lang.StringBuilder.toString()Ljava/lang/String; @ 4 c2
Event: 13.580 Thread 0x0000019831c1da50 DEOPT PACKING pc=0x0000019820d9fea8 sp=0x000000894e0f6cc0
Event: 13.580 Thread 0x0000019831c1da50 DEOPT UNPACKING pc=0x00000198207b69a3 sp=0x000000894e0f6ca0 mode 2
Event: 13.580 Thread 0x0000019831c1da50 Uncommon trap: trap_request=0xffffff45 fr.pc=0x0000019820d354e4 relative=0x0000000000000524
Event: 13.580 Thread 0x0000019831c1da50 Uncommon trap: reason=unstable_if action=reinterpret pc=0x0000019820d354e4 method=java.lang.AbstractStringBuilder.putStringAt(ILjava/lang/String;II)V @ 8 c2
Event: 13.580 Thread 0x0000019831c1da50 DEOPT PACKING pc=0x0000019820d354e4 sp=0x000000894e0f6c30
Event: 13.580 Thread 0x0000019831c1da50 DEOPT UNPACKING pc=0x00000198207b69a3 sp=0x000000894e0f6b10 mode 2
Event: 13.580 Thread 0x0000019831c1da50 Uncommon trap: trap_request=0xffffff45 fr.pc=0x0000019820d35d54 relative=0x0000000000000134
Event: 13.580 Thread 0x0000019831c1da50 Uncommon trap: reason=unstable_if action=reinterpret pc=0x0000019820d35d54 method=java.lang.AbstractStringBuilder.putStringAt(ILjava/lang/String;II)V @ 8 c2
Event: 13.580 Thread 0x0000019831c1da50 DEOPT PACKING pc=0x0000019820d35d54 sp=0x000000894e0f6bb0
Event: 13.580 Thread 0x0000019831c1da50 DEOPT UNPACKING pc=0x00000198207b69a3 sp=0x000000894e0f6af8 mode 2

Classes unloaded (0 events):
No events

Classes redefined (0 events):
No events

Internal exceptions (20 events):
Event: 9.047 Thread 0x0000019831c1f730 Exception <a 'java/lang/NoSuchMethodError'{0x00000000833a9778}: static Lorg/gradle/internal/build/event/types/AbstractOperationResult;.<clinit>()V> (0x00000000833a9778) 
thrown [s\src\hotspot\share\prims\jni.cpp, line 1108]
Event: 9.047 Thread 0x0000019831c1f730 Exception <a 'java/lang/NoSuchMethodError'{0x00000000833aa980}: static Lorg/gradle/internal/build/event/types/AbstractResult;.<clinit>()V> (0x00000000833aa980) 
thrown [s\src\hotspot\share\prims\jni.cpp, line 1108]
Event: 9.049 Thread 0x0000019831c1f730 Exception <a 'java/lang/NoSuchMethodError'{0x0000000083211388}: static Lorg/gradle/internal/build/event/types/DefaultPluginApplicationResult;.<clinit>()V> (0x0000000083211388) 
thrown [s\src\hotspot\share\prims\jni.cpp, line 1108]
Event: 9.051 Thread 0x0000019831c1f730 Exception <a 'java/lang/NoSuchMethodError'{0x000000008321c8b0}: static Lorg/gradle/internal/build/event/types/DefaultBinaryPluginIdentifier;.<clinit>()V> (0x000000008321c8b0) 
thrown [s\src\hotspot\share\prims\jni.cpp, line 1108]
Event: 9.054 Thread 0x0000019831c1f730 Exception <a 'java/lang/NoSuchMethodError'{0x00000000832332f8}: static Lorg/gradle/internal/build/event/types/DefaultScriptPluginIdentifier;.<clinit>()V> (0x00000000832332f8) 
thrown [s\src\hotspot\share\prims\jni.cpp, line 1108]
Event: 9.281 Thread 0x0000019831c1da50 Exception <a 'java/lang/ClassNotFoundException'{0x0000000083281938}: build_w2jc9ce4us3k5xob2kwp58i8BeanInfo> (0x0000000083281938) 
thrown [s\src\hotspot\share\classfile\systemDictionary.cpp, line 256]
Event: 9.281 Thread 0x0000019831c1da50 Exception <a 'java/lang/ClassNotFoundException'{0x0000000083287450}: build_w2jc9ce4us3k5xob2kwp58i8Customizer> (0x0000000083287450) 
thrown [s\src\hotspot\share\classfile\systemDictionary.cpp, line 256]
Event: 9.755 Thread 0x0000019831c1da50 Exception <a 'java/lang/NoSuchMethodError'{0x00000000850d9728}: 'void java.lang.invoke.DirectMethodHandle$Holder.invokeStatic(java.lang.Object, java.lang.Object, java.lang.Object, java.lang.Object, java.lang.Object, java.lang.Object)'> (0x00000000850d9728) 
thrown [s\src\hotspot\share\interpreter\linkResolver.cpp, line 771]
Event: 10.864 Thread 0x0000019831c1da50 Exception <a 'java/lang/ClassNotFoundException'{0x00000000852335b8}: org/gradle/api/internal/plugins/DefaultObjectConfigurationActionBeanInfo> (0x00000000852335b8) 
thrown [s\src\hotspot\share\classfile\systemDictionary.cpp, line 256]
Event: 10.865 Thread 0x0000019831c1da50 Exception <a 'java/lang/ClassNotFoundException'{0x0000000085246a48}: org/gradle/api/internal/plugins/DefaultObjectConfigurationActionCustomizer> (0x0000000085246a48) 
thrown [s\src\hotspot\share\classfile\systemDictionary.cpp, line 256]
Event: 11.105 Thread 0x0000019831c1da50 Exception <a 'java/lang/NoSuchMethodError'{0x0000000085244db8}: 'java.lang.Object java.lang.invoke.DirectMethodHandle$Holder.newInvokeSpecial(java.lang.Object, java.lang.Object, java.lang.Object, java.lang.Object, int)'> (0x0000000085244db8) 
thrown [s\src\hotspot\share\interpreter\linkResolver.cpp, line 771]
Event: 11.105 Thread 0x0000019831c1da50 Exception <a 'java/lang/NoSuchMethodError'{0x000000008524a0e0}: 'java.lang.Object java.lang.invoke.DirectMethodHandle$Holder.invokeSpecial(java.lang.Object, java.lang.Object, java.lang.Object, java.lang.Object, java.lang.Object, int)'> (0x000000008524a0e0) 
thrown [s\src\hotspot\share\interpreter\linkResolver.cpp, line 771]
Event: 11.106 Thread 0x0000019831c1da50 Exception <a 'java/lang/NoSuchMethodError'{0x000000008524edb8}: 'java.lang.Object java.lang.invoke.Invokers$Holder.linkToTargetMethod(java.lang.Object, java.lang.Object, java.lang.Object, int, java.lang.Object)'> (0x000000008524edb8) 
thrown [s\src\hotspot\share\interpreter\linkResolver.cpp, line 771]
Event: 11.790 Thread 0x0000019831c1da50 Exception <a 'java/lang/NoSuchMethodError'{0x0000000087dfc6b8}: 'int java.lang.invoke.DirectMethodHandle$Holder.invokeInterface(java.lang.Object, java.lang.Object, java.lang.Object, java.lang.Object)'> (0x0000000087dfc6b8) 
thrown [s\src\hotspot\share\interpreter\linkResolver.cpp, line 771]
Event: 12.129 Thread 0x0000019831c1da50 Exception <a 'java/lang/NoSuchMethodError'{0x00000000846935a8}: 'void java.lang.invoke.DirectMethodHandle$Holder.invokeInterface(java.lang.Object, java.lang.Object, java.lang.Object, java.lang.Object)'> (0x00000000846935a8) 
thrown [s\src\hotspot\share\interpreter\linkResolver.cpp, line 771]
Event: 12.311 Thread 0x0000019831c1da50 Exception <a 'java/lang/IncompatibleClassChangeError'{0x0000000085418820}: Found class java.lang.Object, but interface was expected> (0x0000000085418820) 
thrown [s\src\hotspot\share\interpreter\linkResolver.cpp, line 838]
Event: 12.410 Thread 0x0000019831c1da50 Implicit null exception at 0x0000019820f1ea60 to 0x0000019820f1ec14
Event: 12.410 Thread 0x0000019831c1da50 Implicit null exception at 0x0000019820f125c9 to 0x0000019820f142c4
Event: 12.695 Thread 0x0000019831c1da50 Implicit null exception at 0x0000019820e7710c to 0x0000019820e77242
Event: 12.896 Thread 0x0000019831c1da50 Exception <a 'sun/nio/fs/WindowsException'{0x00000000852a47c8}> (0x00000000852a47c8) 
thrown [s\src\hotspot\share\prims\jni.cpp, line 517]

VM Operations (20 events):
Event: 12.616 Executing VM operation: HandshakeAllThreads
Event: 12.616 Executing VM operation: HandshakeAllThreads done
Event: 12.616 Executing VM operation: HandshakeAllThreads
Event: 12.616 Executing VM operation: HandshakeAllThreads done
Event: 12.685 Executing VM operation: HandshakeAllThreads
Event: 12.704 Executing VM operation: HandshakeAllThreads done
Event: 12.714 Executing VM operation: HandshakeAllThreads
Event: 12.715 Executing VM operation: HandshakeAllThreads done
Event: 12.731 Executing VM operation: HandshakeAllThreads
Event: 12.731 Executing VM operation: HandshakeAllThreads done
Event: 12.788 Executing VM operation: G1CollectForAllocation
Event: 12.795 Executing VM operation: G1CollectForAllocation done
Event: 12.801 Executing VM operation: G1CollectForAllocation
Event: 12.810 Executing VM operation: G1CollectForAllocation done
Event: 13.133 Executing VM operation: G1CollectForAllocation
Event: 13.137 Executing VM operation: G1CollectForAllocation done
Event: 13.190 Executing VM operation: G1Concurrent
Event: 13.195 Executing VM operation: G1Concurrent done
Event: 13.220 Executing VM operation: G1Concurrent
Event: 13.220 Executing VM operation: G1Concurrent done

Events (20 events):
Event: 12.770 loading class java/util/Base64$Decoder
Event: 12.770 loading class java/util/Base64$Decoder done
Event: 12.770 loading class java/util/Base64$Encoder
Event: 12.770 loading class java/util/Base64$Encoder done
Event: 12.771 loading class java/util/jar/JarVerifier$VerifierStream
Event: 12.772 loading class java/util/jar/JarVerifier$VerifierStream done
Event: 12.772 loading class sun/security/util/ManifestEntryVerifier$SunProviderHolder
Event: 12.772 loading class sun/security/util/ManifestEntryVerifier$SunProviderHolder done
Event: 12.896 loading class sun/nio/fs/WindowsException
Event: 12.896 loading class sun/nio/fs/WindowsException done
Event: 13.293 loading class java/security/KeyStore
Event: 13.293 loading class java/security/KeyStore done
Event: 13.293 loading class java/security/KeyStore$1
Event: 13.293 loading class java/security/KeyStore$1 done
Event: 13.431 loading class sun/reflect/annotation/AnnotationInvocationHandler$1
Event: 13.432 loading class sun/reflect/annotation/AnnotationInvocationHandler$1 done
Event: 13.516 loading class jdk/internal/vm/annotation/ForceInline
Event: 13.516 loading class jdk/internal/vm/annotation/ForceInline done
Event: 13.581 loading class java/util/regex/Pattern$Caret
Event: 13.581 loading class java/util/regex/Pattern$Caret done


Dynamic libraries:
0x00007ff6a4a80000 - 0x00007ff6a4a8a000 	C:\Program Files\Android\Android Studio\jbr\bin\java.exe
0x00007ff878310000 - 0x00007ff878524000 	C:\WINDOWS\SYSTEM32\ntdll.dll
0x00007ff8775f0000 - 0x00007ff8776b2000 	C:\WINDOWS\System32\KERNEL32.DLL
0x00007ff875d40000 - 0x00007ff8760e3000 	C:\WINDOWS\System32\KERNELBASE.dll
0x00007ff875a40000 - 0x00007ff875b51000 	C:\WINDOWS\System32\ucrtbase.dll
0x00007ff85e4a0000 - 0x00007ff85e4b7000 	C:\Program Files\Android\Android Studio\jbr\bin\jli.dll
0x00007ff861420000 - 0x00007ff86143b000 	C:\Program Files\Android\Android Studio\jbr\bin\VCRUNTIME140.dll
0x00007ff877440000 - 0x00007ff8775ea000 	C:\WINDOWS\System32\USER32.dll
0x00007ff875a10000 - 0x00007ff875a36000 	C:\WINDOWS\System32\win32u.dll
0x00007ff8781a0000 - 0x00007ff8781c9000 	C:\WINDOWS\System32\GDI32.dll
0x00007ff859dc0000 - 0x00007ff85a04e000 	C:\WINDOWS\WinSxS\amd64_microsoft.windows.common-controls_6595b64144ccf1df_6.0.22621.1635_none_270f70857386168e\COMCTL32.dll
0x00007ff875870000 - 0x00007ff875989000 	C:\WINDOWS\System32\gdi32full.dll
0x00007ff878220000 - 0x00007ff8782c7000 	C:\WINDOWS\System32\msvcrt.dll
0x00007ff8757d0000 - 0x00007ff87586a000 	C:\WINDOWS\System32\msvcp_win.dll
0x00007ff878100000 - 0x00007ff878131000 	C:\WINDOWS\System32\IMM32.DLL
0x00007ff864220000 - 0x00007ff86422c000 	C:\Program Files\Android\Android Studio\jbr\bin\vcruntime140_1.dll
0x00007ff842510000 - 0x00007ff84259d000 	C:\Program Files\Android\Android Studio\jbr\bin\msvcp140.dll
0x00007ff816270000 - 0x00007ff816edd000 	C:\Program Files\Android\Android Studio\jbr\bin\server\jvm.dll
0x00007ff876910000 - 0x00007ff8769be000 	C:\WINDOWS\System32\ADVAPI32.dll
0x00007ff878050000 - 0x00007ff8780f4000 	C:\WINDOWS\System32\sechost.dll
0x00007ff877290000 - 0x00007ff8773a7000 	C:\WINDOWS\System32\RPCRT4.dll
0x00007ff868d50000 - 0x00007ff868d84000 	C:\WINDOWS\SYSTEM32\WINMM.dll
0x00007ff863ee0000 - 0x00007ff863eea000 	C:\WINDOWS\SYSTEM32\VERSION.dll
0x00007ff855820000 - 0x00007ff855829000 	C:\WINDOWS\SYSTEM32\WSOCK32.dll
0x00007ff877ed0000 - 0x00007ff877f41000 	C:\WINDOWS\System32\WS2_32.dll
0x00007ff874810000 - 0x00007ff874828000 	C:\WINDOWS\SYSTEM32\kernel.appcore.dll
0x00007ff86d710000 - 0x00007ff86d71a000 	C:\Program Files\Android\Android Studio\jbr\bin\jimage.dll
0x00007ff870020000 - 0x00007ff87024e000 	C:\WINDOWS\SYSTEM32\DBGHELP.DLL
0x00007ff876f00000 - 0x00007ff877289000 	C:\WINDOWS\System32\combase.dll
0x00007ff8761b0000 - 0x00007ff876287000 	C:\WINDOWS\System32\OLEAUT32.dll
0x00007ff863a80000 - 0x00007ff863ab2000 	C:\WINDOWS\SYSTEM32\dbgcore.DLL
0x00007ff875990000 - 0x00007ff875a0a000 	C:\WINDOWS\System32\bcryptPrimitives.dll
0x00007ff869e60000 - 0x00007ff869e85000 	C:\Program Files\Android\Android Studio\jbr\bin\java.dll
0x00007ff869dd0000 - 0x00007ff869de8000 	C:\Program Files\Android\Android Studio\jbr\bin\zip.dll
0x00007ff8776c0000 - 0x00007ff877eb9000 	C:\WINDOWS\System32\SHELL32.dll
0x00007ff8736b0000 - 0x00007ff873f7e000 	C:\WINDOWS\SYSTEM32\windows.storage.dll
0x00007ff873570000 - 0x00007ff8736ae000 	C:\WINDOWS\SYSTEM32\wintypes.dll
0x00007ff876720000 - 0x00007ff876811000 	C:\WINDOWS\System32\SHCORE.dll
0x00007ff878140000 - 0x00007ff87819e000 	C:\WINDOWS\System32\shlwapi.dll
0x00007ff875640000 - 0x00007ff875666000 	C:\WINDOWS\SYSTEM32\profapi.dll
0x00007ff869db0000 - 0x00007ff869dc9000 	C:\Program Files\Android\Android Studio\jbr\bin\net.dll
0x00007ff86b3f0000 - 0x00007ff86b527000 	C:\WINDOWS\SYSTEM32\WINHTTP.dll
0x00007ff874cc0000 - 0x00007ff874d29000 	C:\WINDOWS\system32\mswsock.dll
0x00007ff869ba0000 - 0x00007ff869bb6000 	C:\Program Files\Android\Android Studio\jbr\bin\nio.dll
0x00007ff869a80000 - 0x00007ff869a90000 	C:\Program Files\Android\Android Studio\jbr\bin\verify.dll
0x00007ff863910000 - 0x00007ff863937000 	C:\Users\Nayla\.gradle\native\e1d6ef7f7dcc3fd88c89a11ec53ec762bb8ba0a96d01ffa2cd45eb1d1d8dd5c5\windows-amd64\native-platform.dll
0x00007ff827da0000 - 0x00007ff827ee4000 	C:\Users\Nayla\.gradle\native\5664cfc778a61ccfe75a443a1ab52a65af34e5dc3c78e0209fed803814484fcb\windows-amd64\native-platform-file-events.dll
0x00007ff869b90000 - 0x00007ff869b99000 	C:\Program Files\Android\Android Studio\jbr\bin\management.dll
0x00007ff869ae0000 - 0x00007ff869aeb000 	C:\Program Files\Android\Android Studio\jbr\bin\management_ext.dll
0x00007ff877ec0000 - 0x00007ff877ec8000 	C:\WINDOWS\System32\PSAPI.DLL
0x00007ff874f20000 - 0x00007ff874f3b000 	C:\WINDOWS\SYSTEM32\CRYPTSP.dll
0x00007ff874780000 - 0x00007ff8747b5000 	C:\WINDOWS\system32\rsaenh.dll
0x00007ff874dc0000 - 0x00007ff874dec000 	C:\WINDOWS\SYSTEM32\USERENV.dll
0x00007ff8750c0000 - 0x00007ff8750e8000 	C:\WINDOWS\SYSTEM32\bcrypt.dll
0x00007ff874f40000 - 0x00007ff874f4c000 	C:\WINDOWS\SYSTEM32\CRYPTBASE.dll
0x00007ff874250000 - 0x00007ff87427d000 	C:\WINDOWS\SYSTEM32\IPHLPAPI.DLL
0x00007ff876880000 - 0x00007ff876889000 	C:\WINDOWS\System32\NSI.dll
0x00007ff868d30000 - 0x00007ff868d49000 	C:\WINDOWS\SYSTEM32\dhcpcsvc6.DLL
0x00007ff868cc0000 - 0x00007ff868cdf000 	C:\WINDOWS\SYSTEM32\dhcpcsvc.DLL
0x00007ff8742c0000 - 0x00007ff8743b3000 	C:\WINDOWS\SYSTEM32\DNSAPI.dll
0x00007ff869a40000 - 0x00007ff869a48000 	C:\WINDOWS\system32\wshunix.dll

dbghelp: loaded successfully - version: 4.0.5 - missing functions: none
symbol engine: initialized successfully - sym options: 0x614 - pdb path: .;C:\Program Files\Android\Android Studio\jbr\bin;C:\WINDOWS\SYSTEM32;C:\WINDOWS\WinSxS\amd64_microsoft.windows.common-controls_6595b64144ccf1df_6.0.22621.1635_none_270f70857386168e;C:\Program Files\Android\Android Studio\jbr\bin\server;C:\Users\Nayla\.gradle\native\e1d6ef7f7dcc3fd88c89a11ec53ec762bb8ba0a96d01ffa2cd45eb1d1d8dd5c5\windows-amd64;C:\Users\Nayla\.gradle\native\5664cfc778a61ccfe75a443a1ab52a65af34e5dc3c78e0209fed803814484fcb\windows-amd64

VM Arguments:
jvm_args: --add-opens=java.base/java.util=ALL-UNNAMED --add-opens=java.base/java.lang=ALL-UNNAMED --add-opens=java.base/java.lang.invoke=ALL-UNNAMED --add-opens=java.base/java.util=ALL-UNNAMED --add-opens=java.prefs/java.util.prefs=ALL-UNNAMED --add-opens=java.prefs/java.util.prefs=ALL-UNNAMED --add-opens=java.base/java.nio.charset=ALL-UNNAMED --add-opens=java.base/java.net=ALL-UNNAMED --add-opens=java.base/java.util.concurrent.atomic=ALL-UNNAMED -Xmx2048m -Dfile.encoding=UTF-8 -Duser.country=ID -Duser.language=en -Duser.variant 
java_command: org.gradle.launcher.daemon.bootstrap.GradleDaemon 7.2
java_class_path (initial): C:\Users\Nayla\.gradle\wrapper\dists\gradle-7.2-bin\2dnblmf4td7x66yl1d74lt32g\gradle-7.2\lib\gradle-launcher-7.2.jar
Launcher Type: SUN_STANDARD

[Global flags]
     intx CICompilerCount                          = 4                                         {product} {ergonomic}
     uint ConcGCThreads                            = 2                                         {product} {ergonomic}
     uint G1ConcRefinementThreads                  = 8                                         {product} {ergonomic}
   size_t G1HeapRegionSize                         = 1048576                                   {product} {ergonomic}
    uintx GCDrainStackTargetSize                   = 64                                        {product} {ergonomic}
   size_t InitialHeapSize                          = 132120576                                 {product} {ergonomic}
   size_t MarkStackSize                            = 4194304                                   {product} {ergonomic}
   size_t MaxHeapSize                              = 2147483648                                {product} {command line}
   size_t MaxNewSize                               = 1287651328                                {product} {ergonomic}
   size_t MinHeapDeltaBytes                        = 1048576                                   {product} {ergonomic}
   size_t MinHeapSize                              = 8388608                                   {product} {ergonomic}
    uintx NonNMethodCodeHeapSize                   = 5839372                                {pd product} {ergonomic}
    uintx NonProfiledCodeHeapSize                  = 122909434                              {pd product} {ergonomic}
    uintx ProfiledCodeHeapSize                     = 122909434                              {pd product} {ergonomic}
    uintx ReservedCodeCacheSize                    = 251658240                              {pd product} {ergonomic}
     bool SegmentedCodeCache                       = true                                      {product} {ergonomic}
   size_t SoftMaxHeapSize                          = 2147483648                             {manageable} {ergonomic}
     bool UseCompressedClassPointers               = true                           {product lp64_product} {ergonomic}
     bool UseCompressedOops                        = true                           {product lp64_product} {ergonomic}
     bool UseG1GC                                  = true                                      {product} {ergonomic}
     bool UseLargePagesIndividualAllocation        = false                                  {pd product} {ergonomic}

Logging:
Log output configuration:
 #0: stdout all=warning uptime,level,tags
 #1: stderr all=off uptime,level,tags

Environment Variables:
JAVA_HOME=C:\Program Files\Java\jdk-20
PATH=C:\Program Files\Common Files\Oracle\Java\javapath;C:\Program Files (x86)\Common Files\Oracle\Java\javapath;C:\oraclexe\app\oracle\product\11.2.0\server\bin;C:\oracle\product\10.2.0\db_2\bin;C:\oracle\product\10.2.0\db_1\bin;C:\Windows\system32;C:\Windows;C:\Windows\System32\Wbem;C:\Windows\System32\WindowsPowerShell\v1.0\;C:\Windows\System32\OpenSSH\;C:\Program Files (x86)\NVIDIA Corporation\PhysX\Common;C:\WINDOWS\system32;C:\WINDOWS;C:\WINDOWS\System32\Wbem;C:\WINDOWS\System32\WindowsPowerShell\v1.0\;C:\WINDOWS\System32\OpenSSH\;C:\Users\Nayla\AppData\Roaming\Python\Python38\Script;C:\Program Files\nodejs\;C:\Program Files\Git\cmd;C:\Users\Nayla\AppData\Local\Microsoft\WindowsApps;C:\Program Files\JetBrains\PyCharm Community Edition 2020.3.3\bin;;python;C:\Users\Nayla\AppData\Local\Programs\Microsoft VS Code\bin;C:\Users\Nayla\AppData\Roaming\npm;
USERNAME=Nayla
OS=Windows_NT
PROCESSOR_IDENTIFIER=Intel64 Family 6 Model 142 Stepping 12, GenuineIntel
TMP=C:\Users\Nayla\AppData\Local\Temp
TEMP=C:\Users\Nayla\AppData\Local\Temp



---------------  S Y S T E M  ---------------

OS:
 Windows 11 , 64 bit Build 22621 (10.0.22621.1928)
OS uptime: 3 days 23:12 hours
Hyper-V role detected

CPU: total 8 (initial active 8) (4 cores per cpu, 2 threads per core) family 6 model 142 stepping 12 microcode 0xde, cx8, cmov, fxsr, ht, mmx, 3dnowpref, sse, sse2, sse3, ssse3, sse4.1, sse4.2, popcnt, lzcnt, tsc, tscinvbit, avx, avx2, aes, erms, clmul, bmi1, bmi2, adx, fma, vzeroupper, clflush, clflushopt, hv

Memory: 4k page, system-wide physical 7990M (531M free)
TotalPageFile size 32566M (AvailPageFile size 15M)
current process WorkingSet (physical memory assigned to process): 317M, peak: 317M
current process commit charge ("private bytes"): 437M, peak: 439M

vm_info: OpenJDK 64-Bit Server VM (17.0.6+0-b2043.56-9586694) for windows-amd64 JRE (17.0.6+0-b2043.56-9586694), built on Feb  9 2023 20:06:20 by "androidbuild" with MS VC++ 16.10 / 16.11 (VS2019)

END.
